<testsuites name="jest tests" tests="3054" failures="5" time="2626.056">
  <testsuite name="HasteMap" errors="0" failures="0" skipped="41" timestamp="2018-12-19T20:59:33" time="4.53" tests="42">
    <testcase classname="HasteMap does not work on Windows" name="HasteMap does not work on Windows" time="0.397">
    </testcase>
    <testcase classname="HasteMap exports constants" name="HasteMap exports constants" time="0">
      <skipped/>
    </testcase>
    <testcase classname="HasteMap creates valid cache file paths" name="HasteMap creates valid cache file paths" time="0">
      <skipped/>
    </testcase>
    <testcase classname="HasteMap creates different cache file paths for different roots" name="HasteMap creates different cache file paths for different roots" time="0">
      <skipped/>
    </testcase>
    <testcase classname="HasteMap creates different cache file paths for different dependency extractor cache keys" name="HasteMap creates different cache file paths for different dependency extractor cache keys" time="0">
      <skipped/>
    </testcase>
    <testcase classname="HasteMap creates different cache file paths for different hasteImplModulePath cache keys" name="HasteMap creates different cache file paths for different hasteImplModulePath cache keys" time="0">
      <skipped/>
    </testcase>
    <testcase classname="HasteMap creates different cache file paths for different projects" name="HasteMap creates different cache file paths for different projects" time="0">
      <skipped/>
    </testcase>
    <testcase classname="HasteMap matches files against a pattern" name="HasteMap matches files against a pattern" time="0">
      <skipped/>
    </testcase>
    <testcase classname="HasteMap ignores files given a pattern" name="HasteMap ignores files given a pattern" time="0">
      <skipped/>
    </testcase>
    <testcase classname="HasteMap builds a haste map on a fresh cache" name="HasteMap builds a haste map on a fresh cache" time="0">
      <skipped/>
    </testcase>
    <testcase classname="HasteMap builds a haste map on a fresh cache with SHA-1s uses watchman: false" name="HasteMap builds a haste map on a fresh cache with SHA-1s uses watchman: false" time="0">
      <skipped/>
    </testcase>
    <testcase classname="HasteMap builds a haste map on a fresh cache with SHA-1s uses watchman: true" name="HasteMap builds a haste map on a fresh cache with SHA-1s uses watchman: true" time="0">
      <skipped/>
    </testcase>
    <testcase classname="HasteMap does not crawl native files even if requested to do so" name="HasteMap does not crawl native files even if requested to do so" time="0">
      <skipped/>
    </testcase>
    <testcase classname="HasteMap retains all files if `retainAllFiles` is specified" name="HasteMap retains all files if `retainAllFiles` is specified" time="0">
      <skipped/>
    </testcase>
    <testcase classname="HasteMap warns on duplicate mock files" name="HasteMap warns on duplicate mock files" time="0">
      <skipped/>
    </testcase>
    <testcase classname="HasteMap warns on duplicate module ids" name="HasteMap warns on duplicate module ids" time="0">
      <skipped/>
    </testcase>
    <testcase classname="HasteMap warns on duplicate module ids only once" name="HasteMap warns on duplicate module ids only once" time="0">
      <skipped/>
    </testcase>
    <testcase classname="HasteMap throws on duplicate module ids if &quot;throwOnModuleCollision&quot; is set to true" name="HasteMap throws on duplicate module ids if &quot;throwOnModuleCollision&quot; is set to true" time="0">
      <skipped/>
    </testcase>
    <testcase classname="HasteMap splits up modules by platform" name="HasteMap splits up modules by platform" time="0">
      <skipped/>
    </testcase>
    <testcase classname="HasteMap does not access the file system on a warm cache with no changes" name="HasteMap does not access the file system on a warm cache with no changes" time="0">
      <skipped/>
    </testcase>
    <testcase classname="HasteMap only does minimal file system access when files change" name="HasteMap only does minimal file system access when files change" time="0">
      <skipped/>
    </testcase>
    <testcase classname="HasteMap correctly handles file deletions" name="HasteMap correctly handles file deletions" time="0">
      <skipped/>
    </testcase>
    <testcase classname="HasteMap correctly handles platform-specific file additions" name="HasteMap correctly handles platform-specific file additions" time="0">
      <skipped/>
    </testcase>
    <testcase classname="HasteMap correctly handles platform-specific file deletions" name="HasteMap correctly handles platform-specific file deletions" time="0">
      <skipped/>
    </testcase>
    <testcase classname="HasteMap correctly handles platform-specific file renames" name="HasteMap correctly handles platform-specific file renames" time="0">
      <skipped/>
    </testcase>
    <testcase classname="HasteMap duplicate modules recovers when a duplicate file is deleted" name="HasteMap duplicate modules recovers when a duplicate file is deleted" time="0">
      <skipped/>
    </testcase>
    <testcase classname="HasteMap duplicate modules recovers with the correct type when a duplicate file is deleted" name="HasteMap duplicate modules recovers with the correct type when a duplicate file is deleted" time="0">
      <skipped/>
    </testcase>
    <testcase classname="HasteMap duplicate modules recovers when a duplicate module is renamed" name="HasteMap duplicate modules recovers when a duplicate module is renamed" time="0">
      <skipped/>
    </testcase>
    <testcase classname="HasteMap discards the cache when configuration changes" name="HasteMap discards the cache when configuration changes" time="0">
      <skipped/>
    </testcase>
    <testcase classname="HasteMap ignores files that do not exist" name="HasteMap ignores files that do not exist" time="0">
      <skipped/>
    </testcase>
    <testcase classname="HasteMap distributes work across workers" name="HasteMap distributes work across workers" time="0">
      <skipped/>
    </testcase>
    <testcase classname="HasteMap tries to crawl using node as a fallback" name="HasteMap tries to crawl using node as a fallback" time="0">
      <skipped/>
    </testcase>
    <testcase classname="HasteMap tries to crawl using node as a fallback when promise fails once" name="HasteMap tries to crawl using node as a fallback when promise fails once" time="0">
      <skipped/>
    </testcase>
    <testcase classname="HasteMap stops crawling when both crawlers fail" name="HasteMap stops crawling when both crawlers fail" time="0.001">
      <skipped/>
    </testcase>
    <testcase classname="HasteMap file system changes processing provides a new set of hasteHS and moduleMap" name="HasteMap file system changes processing provides a new set of hasteHS and moduleMap" time="0">
      <skipped/>
    </testcase>
    <testcase classname="HasteMap file system changes processing handles several change events at once" name="HasteMap file system changes processing handles several change events at once" time="0">
      <skipped/>
    </testcase>
    <testcase classname="HasteMap file system changes processing does not emit duplicate change events" name="HasteMap file system changes processing does not emit duplicate change events" time="0">
      <skipped/>
    </testcase>
    <testcase classname="HasteMap file system changes processing emits a change even if a file in node_modules has changed" name="HasteMap file system changes processing emits a change even if a file in node_modules has changed" time="0">
      <skipped/>
    </testcase>
    <testcase classname="HasteMap file system changes processing correctly tracks changes to both platform-specific versions of a single module name" name="HasteMap file system changes processing correctly tracks changes to both platform-specific versions of a single module name" time="0">
      <skipped/>
    </testcase>
    <testcase classname="HasteMap file system changes processing recovery from duplicate module IDs recovers when the oldest version of the duplicates is fixed" name="HasteMap file system changes processing recovery from duplicate module IDs recovers when the oldest version of the duplicates is fixed" time="0">
      <skipped/>
    </testcase>
    <testcase classname="HasteMap file system changes processing recovery from duplicate module IDs recovers when the most recent duplicate is fixed" name="HasteMap file system changes processing recovery from duplicate module IDs recovers when the most recent duplicate is fixed" time="0">
      <skipped/>
    </testcase>
    <testcase classname="HasteMap file system changes processing recovery from duplicate module IDs ignore directories" name="HasteMap file system changes processing recovery from duplicate module IDs ignore directories" time="0">
      <skipped/>
    </testcase>
  </testsuite>
  <testsuite name="moduleMocker" errors="0" failures="0" skipped="0" timestamp="2018-12-19T20:59:38" time="1.031" tests="73">
    <testcase classname="moduleMocker getMetadata returns the function `name` property" name="moduleMocker getMetadata returns the function `name` property" time="0.201">
    </testcase>
    <testcase classname="moduleMocker getMetadata mocks constant values" name="moduleMocker getMetadata mocks constant values" time="0.013">
    </testcase>
    <testcase classname="moduleMocker getMetadata does not retrieve metadata for arrays" name="moduleMocker getMetadata does not retrieve metadata for arrays" time="0.003">
    </testcase>
    <testcase classname="moduleMocker getMetadata does not retrieve metadata for undefined" name="moduleMocker getMetadata does not retrieve metadata for undefined" time="0.003">
    </testcase>
    <testcase classname="moduleMocker getMetadata does not retrieve metadata for null" name="moduleMocker getMetadata does not retrieve metadata for null" time="0.003">
    </testcase>
    <testcase classname="moduleMocker generateFromMetadata forwards the function name property" name="moduleMocker generateFromMetadata forwards the function name property" time="0.005">
    </testcase>
    <testcase classname="moduleMocker generateFromMetadata escapes illegal characters in function name property" name="moduleMocker generateFromMetadata escapes illegal characters in function name property" time="0.006">
    </testcase>
    <testcase classname="moduleMocker generateFromMetadata special cases the mockConstructor name" name="moduleMocker generateFromMetadata special cases the mockConstructor name" time="0.003">
    </testcase>
    <testcase classname="moduleMocker generateFromMetadata wont interfere with previous mocks on a shared prototype" name="moduleMocker generateFromMetadata wont interfere with previous mocks on a shared prototype" time="0.005">
    </testcase>
    <testcase classname="moduleMocker generateFromMetadata does not mock non-enumerable getters" name="moduleMocker generateFromMetadata does not mock non-enumerable getters" time="0.004">
    </testcase>
    <testcase classname="moduleMocker generateFromMetadata mocks getters of ES modules" name="moduleMocker generateFromMetadata mocks getters of ES modules" time="0.013">
    </testcase>
    <testcase classname="moduleMocker generateFromMetadata mocks ES2015 non-enumerable methods" name="moduleMocker generateFromMetadata mocks ES2015 non-enumerable methods" time="0.006">
    </testcase>
    <testcase classname="moduleMocker generateFromMetadata mocks ES2015 non-enumerable static properties and methods" name="moduleMocker generateFromMetadata mocks ES2015 non-enumerable static properties and methods" time="0.009">
    </testcase>
    <testcase classname="moduleMocker generateFromMetadata mocks methods in all the prototype chain (null prototype)" name="moduleMocker generateFromMetadata mocks methods in all the prototype chain (null prototype)" time="0.006">
    </testcase>
    <testcase classname="moduleMocker generateFromMetadata does not mock methods from Object.prototype" name="moduleMocker generateFromMetadata does not mock methods from Object.prototype" time="0.004">
    </testcase>
    <testcase classname="moduleMocker generateFromMetadata does not mock methods from Object.prototype (in mock context)" name="moduleMocker generateFromMetadata does not mock methods from Object.prototype (in mock context)" time="0.002">
    </testcase>
    <testcase classname="moduleMocker generateFromMetadata does not mock methods from Function.prototype" name="moduleMocker generateFromMetadata does not mock methods from Function.prototype" time="0.004">
    </testcase>
    <testcase classname="moduleMocker generateFromMetadata does not mock methods from Function.prototype (in mock context)" name="moduleMocker generateFromMetadata does not mock methods from Function.prototype (in mock context)" time="0.003">
    </testcase>
    <testcase classname="moduleMocker generateFromMetadata does not mock methods from RegExp.prototype" name="moduleMocker generateFromMetadata does not mock methods from RegExp.prototype" time="0.005">
    </testcase>
    <testcase classname="moduleMocker generateFromMetadata does not mock methods from RegExp.prototype (in mock context)" name="moduleMocker generateFromMetadata does not mock methods from RegExp.prototype (in mock context)" time="0.002">
    </testcase>
    <testcase classname="moduleMocker generateFromMetadata mocks methods that are bound multiple times" name="moduleMocker generateFromMetadata mocks methods that are bound multiple times" time="0.001">
    </testcase>
    <testcase classname="moduleMocker generateFromMetadata mocks methods that are bound after mocking" name="moduleMocker generateFromMetadata mocks methods that are bound after mocking" time="0.003">
    </testcase>
    <testcase classname="moduleMocker generateFromMetadata mocks regexp instances" name="moduleMocker generateFromMetadata mocks regexp instances" time="0.003">
    </testcase>
    <testcase classname="moduleMocker generateFromMetadata mocked functions tracks calls to mocks" name="moduleMocker generateFromMetadata mocked functions tracks calls to mocks" time="0.003">
    </testcase>
    <testcase classname="moduleMocker generateFromMetadata mocked functions tracks instances made by mocks" name="moduleMocker generateFromMetadata mocked functions tracks instances made by mocks" time="0.002">
    </testcase>
    <testcase classname="moduleMocker generateFromMetadata mocked functions supports clearing mock calls" name="moduleMocker generateFromMetadata mocked functions supports clearing mock calls" time="0.004">
    </testcase>
    <testcase classname="moduleMocker generateFromMetadata mocked functions supports clearing mocks" name="moduleMocker generateFromMetadata mocked functions supports clearing mocks" time="0.003">
    </testcase>
    <testcase classname="moduleMocker generateFromMetadata mocked functions supports clearing all mocks" name="moduleMocker generateFromMetadata mocked functions supports clearing all mocks" time="0.004">
    </testcase>
    <testcase classname="moduleMocker generateFromMetadata mocked functions supports resetting mock return values" name="moduleMocker generateFromMetadata mocked functions supports resetting mock return values" time="0.002">
    </testcase>
    <testcase classname="moduleMocker generateFromMetadata mocked functions supports resetting single use mock return values" name="moduleMocker generateFromMetadata mocked functions supports resetting single use mock return values" time="0.002">
    </testcase>
    <testcase classname="moduleMocker generateFromMetadata mocked functions supports resetting mock implementations" name="moduleMocker generateFromMetadata mocked functions supports resetting mock implementations" time="0.002">
    </testcase>
    <testcase classname="moduleMocker generateFromMetadata mocked functions supports resetting single use mock implementations" name="moduleMocker generateFromMetadata mocked functions supports resetting single use mock implementations" time="0.002">
    </testcase>
    <testcase classname="moduleMocker generateFromMetadata mocked functions supports resetting all mocks" name="moduleMocker generateFromMetadata mocked functions supports resetting all mocks" time="0.003">
    </testcase>
    <testcase classname="moduleMocker generateFromMetadata mocked functions maintains function arity" name="moduleMocker generateFromMetadata mocked functions maintains function arity" time="0.002">
    </testcase>
    <testcase classname="moduleMocker generateFromMetadata supports mock value returning undefined" name="moduleMocker generateFromMetadata supports mock value returning undefined" time="0.003">
    </testcase>
    <testcase classname="moduleMocker generateFromMetadata supports mock value once returning undefined" name="moduleMocker generateFromMetadata supports mock value once returning undefined" time="0.002">
    </testcase>
    <testcase classname="moduleMocker generateFromMetadata mockReturnValueOnce mocks value just once" name="moduleMocker generateFromMetadata mockReturnValueOnce mocks value just once" time="0.004">
    </testcase>
    <testcase classname="moduleMocker generateFromMetadata supports mocking resolvable async functions" name="moduleMocker generateFromMetadata supports mocking resolvable async functions" time="0.003">
    </testcase>
    <testcase classname="moduleMocker generateFromMetadata supports mocking resolvable async functions only once" name="moduleMocker generateFromMetadata supports mocking resolvable async functions only once" time="0.002">
    </testcase>
    <testcase classname="moduleMocker generateFromMetadata supports mocking rejectable async functions" name="moduleMocker generateFromMetadata supports mocking rejectable async functions" time="0.008">
    </testcase>
    <testcase classname="moduleMocker generateFromMetadata supports mocking rejectable async functions only once" name="moduleMocker generateFromMetadata supports mocking rejectable async functions only once" time="0.003">
    </testcase>
    <testcase classname="moduleMocker generateFromMetadata return values tracks return values" name="moduleMocker generateFromMetadata return values tracks return values" time="0.003">
    </testcase>
    <testcase classname="moduleMocker generateFromMetadata return values tracks mocked return values" name="moduleMocker generateFromMetadata return values tracks mocked return values" time="0.002">
    </testcase>
    <testcase classname="moduleMocker generateFromMetadata return values supports resetting return values" name="moduleMocker generateFromMetadata return values supports resetting return values" time="0.004">
    </testcase>
    <testcase classname="moduleMocker generateFromMetadata tracks thrown errors without interfering with other tracking" name="moduleMocker generateFromMetadata tracks thrown errors without interfering with other tracking" time="0.006">
    </testcase>
    <testcase classname="moduleMocker generateFromMetadata a call that throws undefined is tracked properly" name="moduleMocker generateFromMetadata a call that throws undefined is tracked properly" time="0.02">
    </testcase>
    <testcase classname="moduleMocker generateFromMetadata results of recursive calls are tracked properly" name="moduleMocker generateFromMetadata results of recursive calls are tracked properly" time="0.004">
    </testcase>
    <testcase classname="moduleMocker generateFromMetadata test results of recursive calls from within the recursive call" name="moduleMocker generateFromMetadata test results of recursive calls from within the recursive call" time="0.005">
    </testcase>
    <testcase classname="moduleMocker generateFromMetadata call mockClear inside recursive mock" name="moduleMocker generateFromMetadata call mockClear inside recursive mock" time="0.002">
    </testcase>
    <testcase classname="moduleMocker generateFromMetadata invocationCallOrder tracks invocationCallOrder made by mocks" name="moduleMocker generateFromMetadata invocationCallOrder tracks invocationCallOrder made by mocks" time="0.016">
    </testcase>
    <testcase classname="moduleMocker generateFromMetadata invocationCallOrder supports clearing mock invocationCallOrder" name="moduleMocker generateFromMetadata invocationCallOrder supports clearing mock invocationCallOrder" time="0.015">
    </testcase>
    <testcase classname="moduleMocker generateFromMetadata invocationCallOrder supports clearing all mocks invocationCallOrder" name="moduleMocker generateFromMetadata invocationCallOrder supports clearing all mocks invocationCallOrder" time="0.008">
    </testcase>
    <testcase classname="moduleMocker getMockImplementation should mock calls to a mock function" name="moduleMocker getMockImplementation should mock calls to a mock function" time="0.002">
    </testcase>
    <testcase classname="moduleMocker mockImplementationOnce should mock constructor" name="moduleMocker mockImplementationOnce should mock constructor" time="0.005">
    </testcase>
    <testcase classname="moduleMocker mockImplementationOnce should mock single call to a mock function" name="moduleMocker mockImplementationOnce should mock single call to a mock function" time="0.003">
    </testcase>
    <testcase classname="moduleMocker mockImplementationOnce should fallback to default mock function when no specific mock is available" name="moduleMocker mockImplementationOnce should fallback to default mock function when no specific mock is available" time="0.003">
    </testcase>
    <testcase classname="moduleMocker mockImplementation resets the mock" name="moduleMocker mockImplementation resets the mock" time="0.007">
    </testcase>
    <testcase classname="moduleMocker should recognize a mocked function" name="moduleMocker should recognize a mocked function" time="0.003">
    </testcase>
    <testcase classname="moduleMocker default mockName is jest.fn()" name="moduleMocker default mockName is jest.fn()" time="0.003">
    </testcase>
    <testcase classname="moduleMocker mockName sets the mock name" name="moduleMocker mockName sets the mock name" time="0.003">
    </testcase>
    <testcase classname="moduleMocker mockName gets reset by mockReset" name="moduleMocker mockName gets reset by mockReset" time="0.002">
    </testcase>
    <testcase classname="moduleMocker mockName gets reset by mockRestore" name="moduleMocker mockName gets reset by mockRestore" time="0.001">
    </testcase>
    <testcase classname="moduleMocker mockName is not reset by mockClear" name="moduleMocker mockName is not reset by mockClear" time="0.004">
    </testcase>
    <testcase classname="moduleMocker spyOn should work" name="moduleMocker spyOn should work" time="0.003">
    </testcase>
    <testcase classname="moduleMocker spyOn should throw on invalid input" name="moduleMocker spyOn should throw on invalid input" time="0.008">
    </testcase>
    <testcase classname="moduleMocker spyOn supports restoring all spies" name="moduleMocker spyOn supports restoring all spies" time="0.01">
    </testcase>
    <testcase classname="moduleMocker spyOnProperty should work - getter" name="moduleMocker spyOnProperty should work - getter" time="0.003">
    </testcase>
    <testcase classname="moduleMocker spyOnProperty should work - setter" name="moduleMocker spyOnProperty should work - setter" time="0.002">
    </testcase>
    <testcase classname="moduleMocker spyOnProperty should throw on invalid input" name="moduleMocker spyOnProperty should throw on invalid input" time="0.003">
    </testcase>
    <testcase classname="moduleMocker spyOnProperty supports restoring all spies" name="moduleMocker spyOnProperty supports restoring all spies" time="0.003">
    </testcase>
    <testcase classname="moduleMocker spyOnProperty should work with getters on the prototype chain" name="moduleMocker spyOnProperty should work with getters on the prototype chain" time="0.003">
    </testcase>
    <testcase classname="moduleMocker spyOnProperty should work with setters on the prototype chain" name="moduleMocker spyOnProperty should work with setters on the prototype chain" time="0.002">
    </testcase>
    <testcase classname="moduleMocker spyOnProperty supports restoring all spies on the prototype chain" name="moduleMocker spyOnProperty supports restoring all spies on the prototype chain" time="0.002">
    </testcase>
  </testsuite>
  <testsuite name="undefined" errors="0" failures="0" skipped="0" timestamp="2018-12-19T20:59:39" time="1.524" tests="89">
    <testcase classname=" picks a name based on the rootDir" name=" picks a name based on the rootDir" time="0.081">
    </testcase>
    <testcase classname=" keeps custom names based on the rootDir" name=" keeps custom names based on the rootDir" time="0.001">
    </testcase>
    <testcase classname=" sets coverageReporters correctly when argv.json is set" name=" sets coverageReporters correctly when argv.json is set" time="0.002">
    </testcase>
    <testcase classname="rootDir throws if the options is missing a rootDir property" name="rootDir throws if the options is missing a rootDir property" time="0.005">
    </testcase>
    <testcase classname="automock falsy automock is not overwritten" name="automock falsy automock is not overwritten" time="0.001">
    </testcase>
    <testcase classname="browser falsy browser is not overwritten" name="browser falsy browser is not overwritten" time="0.001">
    </testcase>
    <testcase classname="collectCoverageOnlyFrom normalizes all paths relative to rootDir" name="collectCoverageOnlyFrom normalizes all paths relative to rootDir" time="0.002">
    </testcase>
    <testcase classname="collectCoverageOnlyFrom does not change absolute paths" name="collectCoverageOnlyFrom does not change absolute paths" time="0.001">
    </testcase>
    <testcase classname="collectCoverageOnlyFrom substitutes &lt;rootDir&gt; tokens" name="collectCoverageOnlyFrom substitutes &lt;rootDir&gt; tokens" time="0.001">
    </testcase>
    <testcase classname="collectCoverageFrom substitutes &lt;rootDir&gt; tokens" name="collectCoverageFrom substitutes &lt;rootDir&gt; tokens" time="0.002">
    </testcase>
    <testcase classname="findRelatedTests it generates --coverageCoverageFrom patterns when needed" name="findRelatedTests it generates --coverageCoverageFrom patterns when needed" time="0.002">
    </testcase>
    <testcase classname="roots normalizes all paths relative to rootDir" name="roots normalizes all paths relative to rootDir" time="0.002">
    </testcase>
    <testcase classname="roots does not change absolute paths" name="roots does not change absolute paths" time="0.001">
    </testcase>
    <testcase classname="roots substitutes &lt;rootDir&gt; tokens" name="roots substitutes &lt;rootDir&gt; tokens" time="0.002">
    </testcase>
    <testcase classname="transform normalizes the path" name="transform normalizes the path" time="0.009">
    </testcase>
    <testcase classname="haste normalizes the path for hasteImplModulePath" name="haste normalizes the path for hasteImplModulePath" time="0.002">
    </testcase>
    <testcase classname="setupFilesAfterEnv normalizes the path according to rootDir" name="setupFilesAfterEnv normalizes the path according to rootDir" time="0.002">
    </testcase>
    <testcase classname="setupFilesAfterEnv does not change absolute paths" name="setupFilesAfterEnv does not change absolute paths" time="0.002">
    </testcase>
    <testcase classname="setupFilesAfterEnv substitutes &lt;rootDir&gt; tokens" name="setupFilesAfterEnv substitutes &lt;rootDir&gt; tokens" time="0.002">
    </testcase>
    <testcase classname="setupTestFrameworkScriptFile logs a deprecation warning when `setupTestFrameworkScriptFile` is used" name="setupTestFrameworkScriptFile logs a deprecation warning when `setupTestFrameworkScriptFile` is used" time="0.003">
    </testcase>
    <testcase classname="setupTestFrameworkScriptFile logs an error when `setupTestFrameworkScriptFile` and `setupFilesAfterEnv` are used" name="setupTestFrameworkScriptFile logs an error when `setupTestFrameworkScriptFile` and `setupFilesAfterEnv` are used" time="0.001">
    </testcase>
    <testcase classname="coveragePathIgnorePatterns does not normalize paths relative to rootDir" name="coveragePathIgnorePatterns does not normalize paths relative to rootDir" time="0.002">
    </testcase>
    <testcase classname="coveragePathIgnorePatterns does not normalize trailing slashes" name="coveragePathIgnorePatterns does not normalize trailing slashes" time="0.008">
    </testcase>
    <testcase classname="coveragePathIgnorePatterns substitutes &lt;rootDir&gt; tokens" name="coveragePathIgnorePatterns substitutes &lt;rootDir&gt; tokens" time="0.002">
    </testcase>
    <testcase classname="watchPathIgnorePatterns does not normalize paths relative to rootDir" name="watchPathIgnorePatterns does not normalize paths relative to rootDir" time="0.004">
    </testcase>
    <testcase classname="watchPathIgnorePatterns does not normalize trailing slashes" name="watchPathIgnorePatterns does not normalize trailing slashes" time="0.001">
    </testcase>
    <testcase classname="watchPathIgnorePatterns substitutes &lt;rootDir&gt; tokens" name="watchPathIgnorePatterns substitutes &lt;rootDir&gt; tokens" time="0.002">
    </testcase>
    <testcase classname="testPathIgnorePatterns does not normalize paths relative to rootDir" name="testPathIgnorePatterns does not normalize paths relative to rootDir" time="0.002">
    </testcase>
    <testcase classname="testPathIgnorePatterns does not normalize trailing slashes" name="testPathIgnorePatterns does not normalize trailing slashes" time="0.001">
    </testcase>
    <testcase classname="testPathIgnorePatterns substitutes &lt;rootDir&gt; tokens" name="testPathIgnorePatterns substitutes &lt;rootDir&gt; tokens" time="0.001">
    </testcase>
    <testcase classname="modulePathIgnorePatterns does not normalize paths relative to rootDir" name="modulePathIgnorePatterns does not normalize paths relative to rootDir" time="0.001">
    </testcase>
    <testcase classname="modulePathIgnorePatterns does not normalize trailing slashes" name="modulePathIgnorePatterns does not normalize trailing slashes" time="0.001">
    </testcase>
    <testcase classname="modulePathIgnorePatterns substitutes &lt;rootDir&gt; tokens" name="modulePathIgnorePatterns substitutes &lt;rootDir&gt; tokens" time="0.001">
    </testcase>
    <testcase classname="testRunner defaults to Jasmine 2" name="testRunner defaults to Jasmine 2" time="0.002">
    </testcase>
    <testcase classname="testRunner is overwritten by argv" name="testRunner is overwritten by argv" time="0.002">
    </testcase>
    <testcase classname="coverageDirectory defaults to &lt;rootDir&gt;/coverage" name="coverageDirectory defaults to &lt;rootDir&gt;/coverage" time="0.004">
    </testcase>
    <testcase classname="testEnvironment resolves to an environment and prefers jest-environment-`name`" name="testEnvironment resolves to an environment and prefers jest-environment-`name`" time="0.002">
    </testcase>
    <testcase classname="testEnvironment throws on invalid environment names" name="testEnvironment throws on invalid environment names" time="0.006">
    </testcase>
    <testcase classname="testEnvironment works with rootDir" name="testEnvironment works with rootDir" time="0.003">
    </testcase>
    <testcase classname="babel-jest correctly identifies and uses babel-jest" name="babel-jest correctly identifies and uses babel-jest" time="0.001">
    </testcase>
    <testcase classname="babel-jest uses babel-jest if babel-jest is explicitly specified in a custom transform options" name="babel-jest uses babel-jest if babel-jest is explicitly specified in a custom transform options" time="0.001">
    </testcase>
    <testcase classname="babel-jest uses regenerator if babel-jest is explicitly specified" name="babel-jest uses regenerator if babel-jest is explicitly specified" time="0.001">
    </testcase>
    <testcase classname="Upgrade help logs a warning when `scriptPreprocessor` and/or `preprocessorIgnorePatterns` are used" name="Upgrade help logs a warning when `scriptPreprocessor` and/or `preprocessorIgnorePatterns` are used" time="0.003">
    </testcase>
    <testcase classname="testRegex testRegex empty string is mapped to empty array" name="testRegex testRegex empty string is mapped to empty array" time="0.001">
    </testcase>
    <testcase classname="testRegex testRegex string is mapped to an array" name="testRegex testRegex string is mapped to an array" time="0.001">
    </testcase>
    <testcase classname="testRegex testRegex array is preserved" name="testRegex testRegex array is preserved" time="0.001">
    </testcase>
    <testcase classname="testMatch testMatch default not applied if testRegex is set" name="testMatch testMatch default not applied if testRegex is set" time="0.001">
    </testcase>
    <testcase classname="testMatch testRegex default not applied if testMatch is set" name="testMatch testRegex default not applied if testMatch is set" time="0.001">
    </testcase>
    <testcase classname="testMatch throws if testRegex and testMatch are both specified" name="testMatch throws if testRegex and testMatch are both specified" time="0.002">
    </testcase>
    <testcase classname="testMatch normalizes testMatch" name="testMatch normalizes testMatch" time="0.001">
    </testcase>
    <testcase classname="moduleDirectories defaults to node_modules" name="moduleDirectories defaults to node_modules" time="0.001">
    </testcase>
    <testcase classname="moduleDirectories normalizes moduleDirectories" name="moduleDirectories normalizes moduleDirectories" time="0.001">
    </testcase>
    <testcase classname="preset throws when preset not found" name="preset throws when preset not found" time="0.005">
    </testcase>
    <testcase classname="preset throws when module was found but no &quot;jest-preset.js&quot; or &quot;jest-preset.json&quot; files" name="preset throws when module was found but no &quot;jest-preset.js&quot; or &quot;jest-preset.json&quot; files" time="0.002">
    </testcase>
    <testcase classname="preset throws when preset is invalid" name="preset throws when preset is invalid" time="0.003">
    </testcase>
    <testcase classname="preset works with &quot;react-native&quot;" name="preset works with &quot;react-native&quot;" time="0.002">
    </testcase>
    <testcase classname="preset searches for .json and .js preset files" name="preset searches for .json and .js preset files" time="0.001">
    </testcase>
    <testcase classname="preset merges with options" name="preset merges with options" time="0.002">
    </testcase>
    <testcase classname="preset merges with options and moduleNameMapper preset is overridden by options" name="preset merges with options and moduleNameMapper preset is overridden by options" time="0.002">
    </testcase>
    <testcase classname="preset merges with options and transform preset is overridden by options" name="preset merges with options and transform preset is overridden by options" time="0.001">
    </testcase>
    <testcase classname="preset without setupFiles should normalize setupFiles correctly" name="preset without setupFiles should normalize setupFiles correctly" time="0.001">
    </testcase>
    <testcase classname="runner defaults to `jest-runner`" name="runner defaults to `jest-runner`" time="0.001">
    </testcase>
    <testcase classname="runner resolves to runners that do not have the prefix" name="runner resolves to runners that do not have the prefix" time="0.004">
    </testcase>
    <testcase classname="runner resolves to runners and prefers jest-runner-`name`" name="runner resolves to runners and prefers jest-runner-`name`" time="0.001">
    </testcase>
    <testcase classname="runner throw error when a runner is not found" name="runner throw error when a runner is not found" time="0.006">
    </testcase>
    <testcase classname="watchPlugins defaults to undefined" name="watchPlugins defaults to undefined" time="0.001">
    </testcase>
    <testcase classname="watchPlugins resolves to watch plugins and prefers jest-watch-`name`" name="watchPlugins resolves to watch plugins and prefers jest-watch-`name`" time="0.001">
    </testcase>
    <testcase classname="watchPlugins resolves watch plugins that do not have the prefix" name="watchPlugins resolves watch plugins that do not have the prefix" time="0.004">
    </testcase>
    <testcase classname="watchPlugins normalizes multiple watchPlugins" name="watchPlugins normalizes multiple watchPlugins" time="0.004">
    </testcase>
    <testcase classname="watchPlugins throw error when a watch plugin is not found" name="watchPlugins throw error when a watch plugin is not found" time="0.006">
    </testcase>
    <testcase classname="testPathPattern defaults to empty" name="testPathPattern defaults to empty" time="0.001">
    </testcase>
    <testcase classname="testPathPattern --testPathPattern uses --testPathPattern if set" name="testPathPattern --testPathPattern uses --testPathPattern if set" time="0.001">
    </testcase>
    <testcase classname="testPathPattern --testPathPattern ignores invalid regular expressions and logs a warning" name="testPathPattern --testPathPattern ignores invalid regular expressions and logs a warning" time="0.002">
    </testcase>
    <testcase classname="testPathPattern --testPathPattern joins multiple --testPathPattern if set" name="testPathPattern --testPathPattern joins multiple --testPathPattern if set" time="0.001">
    </testcase>
    <testcase classname="testPathPattern --testPathPattern posix should not escape the pattern" name="testPathPattern --testPathPattern posix should not escape the pattern" time="0.001">
    </testcase>
    <testcase classname="testPathPattern --testPathPattern win32 preserves any use of &quot;\&quot;" name="testPathPattern --testPathPattern win32 preserves any use of &quot;\&quot;" time="0.001">
    </testcase>
    <testcase classname="testPathPattern --testPathPattern win32 replaces POSIX path separators" name="testPathPattern --testPathPattern win32 replaces POSIX path separators" time="0.042">
    </testcase>
    <testcase classname="testPathPattern --testPathPattern win32 replaces POSIX paths in multiple args" name="testPathPattern --testPathPattern win32 replaces POSIX paths in multiple args" time="0.046">
    </testcase>
    <testcase classname="testPathPattern &lt;regexForTestFiles&gt; uses &lt;regexForTestFiles&gt; if set" name="testPathPattern &lt;regexForTestFiles&gt; uses &lt;regexForTestFiles&gt; if set" time="0.002">
    </testcase>
    <testcase classname="testPathPattern &lt;regexForTestFiles&gt; ignores invalid regular expressions and logs a warning" name="testPathPattern &lt;regexForTestFiles&gt; ignores invalid regular expressions and logs a warning" time="0.002">
    </testcase>
    <testcase classname="testPathPattern &lt;regexForTestFiles&gt; joins multiple &lt;regexForTestFiles&gt; if set" name="testPathPattern &lt;regexForTestFiles&gt; joins multiple &lt;regexForTestFiles&gt; if set" time="0.001">
    </testcase>
    <testcase classname="testPathPattern &lt;regexForTestFiles&gt; posix should not escape the pattern" name="testPathPattern &lt;regexForTestFiles&gt; posix should not escape the pattern" time="0.001">
    </testcase>
    <testcase classname="testPathPattern &lt;regexForTestFiles&gt; win32 preserves any use of &quot;\&quot;" name="testPathPattern &lt;regexForTestFiles&gt; win32 preserves any use of &quot;\&quot;" time="0.052">
    </testcase>
    <testcase classname="testPathPattern &lt;regexForTestFiles&gt; win32 replaces POSIX path separators" name="testPathPattern &lt;regexForTestFiles&gt; win32 replaces POSIX path separators" time="0.034">
    </testcase>
    <testcase classname="testPathPattern &lt;regexForTestFiles&gt; win32 replaces POSIX paths in multiple args" name="testPathPattern &lt;regexForTestFiles&gt; win32 replaces POSIX paths in multiple args" time="0.032">
    </testcase>
    <testcase classname="testPathPattern joins multiple --testPathPatterns and &lt;regexForTestFiles&gt;" name="testPathPattern joins multiple --testPathPatterns and &lt;regexForTestFiles&gt;" time="0.003">
    </testcase>
    <testcase classname="testPathPattern gives precedence to --all" name="testPathPattern gives precedence to --all" time="0.001">
    </testcase>
    <testcase classname="moduleFileExtensions defaults to something useful" name="moduleFileExtensions defaults to something useful" time="0.001">
    </testcase>
    <testcase classname="moduleFileExtensions throws if missing `js`" name="moduleFileExtensions throws if missing `js`" time="0.001">
    </testcase>
  </testsuite>
  <testsuite name="undefined" errors="0" failures="0" skipped="0" timestamp="2018-12-19T20:59:40" time="1.48" tests="432">
    <testcase classname=" should throw if passed two arguments" name=" should throw if passed two arguments" time="0.002">
    </testcase>
    <testcase classname=".rejects should reject" name=".rejects should reject" time="0.01">
    </testcase>
    <testcase classname=".rejects should reject with toThrow" name=".rejects should reject with toThrow" time="0.001">
    </testcase>
    <testcase classname=".rejects fails non-promise value 4 synchronously" name=".rejects fails non-promise value 4 synchronously" time="0.001">
    </testcase>
    <testcase classname=".rejects fails non-promise value [1] synchronously" name=".rejects fails non-promise value [1] synchronously" time="0.002">
    </testcase>
    <testcase classname=".rejects fails non-promise value {&quot;a&quot;: 1} synchronously" name=".rejects fails non-promise value {&quot;a&quot;: 1} synchronously" time="0">
    </testcase>
    <testcase classname=".rejects fails non-promise value &quot;a&quot; synchronously" name=".rejects fails non-promise value &quot;a&quot; synchronously" time="0">
    </testcase>
    <testcase classname=".rejects fails non-promise value true synchronously" name=".rejects fails non-promise value true synchronously" time="0.001">
    </testcase>
    <testcase classname=".rejects fails non-promise value null synchronously" name=".rejects fails non-promise value null synchronously" time="0.001">
    </testcase>
    <testcase classname=".rejects fails non-promise value undefined synchronously" name=".rejects fails non-promise value undefined synchronously" time="0">
    </testcase>
    <testcase classname=".rejects fails non-promise value [Function anonymous] synchronously" name=".rejects fails non-promise value [Function anonymous] synchronously" time="0.001">
    </testcase>
    <testcase classname=".rejects fails non-promise value 4" name=".rejects fails non-promise value 4" time="0.001">
    </testcase>
    <testcase classname=".rejects fails non-promise value [1]" name=".rejects fails non-promise value [1]" time="0.001">
    </testcase>
    <testcase classname=".rejects fails non-promise value {&quot;a&quot;: 1}" name=".rejects fails non-promise value {&quot;a&quot;: 1}" time="0.001">
    </testcase>
    <testcase classname=".rejects fails non-promise value &quot;a&quot;" name=".rejects fails non-promise value &quot;a&quot;" time="0.001">
    </testcase>
    <testcase classname=".rejects fails non-promise value true" name=".rejects fails non-promise value true" time="0.001">
    </testcase>
    <testcase classname=".rejects fails non-promise value null" name=".rejects fails non-promise value null" time="0.001">
    </testcase>
    <testcase classname=".rejects fails non-promise value undefined" name=".rejects fails non-promise value undefined" time="0.001">
    </testcase>
    <testcase classname=".rejects fails non-promise value [Function anonymous]" name=".rejects fails non-promise value [Function anonymous]" time="0.001">
    </testcase>
    <testcase classname=".rejects fails for promise that resolves" name=".rejects fails for promise that resolves" time="0.004">
    </testcase>
    <testcase classname=".resolves should resolve" name=".resolves should resolve" time="0.003">
    </testcase>
    <testcase classname=".resolves fails non-promise value 4 synchronously" name=".resolves fails non-promise value 4 synchronously" time="0.002">
    </testcase>
    <testcase classname=".resolves fails non-promise value [1] synchronously" name=".resolves fails non-promise value [1] synchronously" time="0.001">
    </testcase>
    <testcase classname=".resolves fails non-promise value {&quot;a&quot;: 1} synchronously" name=".resolves fails non-promise value {&quot;a&quot;: 1} synchronously" time="0.002">
    </testcase>
    <testcase classname=".resolves fails non-promise value &quot;a&quot; synchronously" name=".resolves fails non-promise value &quot;a&quot; synchronously" time="0.002">
    </testcase>
    <testcase classname=".resolves fails non-promise value true synchronously" name=".resolves fails non-promise value true synchronously" time="0.001">
    </testcase>
    <testcase classname=".resolves fails non-promise value null synchronously" name=".resolves fails non-promise value null synchronously" time="0.001">
    </testcase>
    <testcase classname=".resolves fails non-promise value undefined synchronously" name=".resolves fails non-promise value undefined synchronously" time="0.002">
    </testcase>
    <testcase classname=".resolves fails non-promise value [Function anonymous] synchronously" name=".resolves fails non-promise value [Function anonymous] synchronously" time="0.001">
    </testcase>
    <testcase classname=".resolves fails non-promise value 4" name=".resolves fails non-promise value 4" time="0.001">
    </testcase>
    <testcase classname=".resolves fails non-promise value [1]" name=".resolves fails non-promise value [1]" time="0.001">
    </testcase>
    <testcase classname=".resolves fails non-promise value {&quot;a&quot;: 1}" name=".resolves fails non-promise value {&quot;a&quot;: 1}" time="0.001">
    </testcase>
    <testcase classname=".resolves fails non-promise value &quot;a&quot;" name=".resolves fails non-promise value &quot;a&quot;" time="0.001">
    </testcase>
    <testcase classname=".resolves fails non-promise value true" name=".resolves fails non-promise value true" time="0.001">
    </testcase>
    <testcase classname=".resolves fails non-promise value null" name=".resolves fails non-promise value null" time="0.001">
    </testcase>
    <testcase classname=".resolves fails non-promise value undefined" name=".resolves fails non-promise value undefined" time="0.001">
    </testcase>
    <testcase classname=".resolves fails non-promise value [Function anonymous]" name=".resolves fails non-promise value [Function anonymous]" time="0.001">
    </testcase>
    <testcase classname=".resolves fails for promise that rejects" name=".resolves fails for promise that rejects" time="0.001">
    </testcase>
    <testcase classname=".toBe() does not throw" name=".toBe() does not throw" time="0.004">
    </testcase>
    <testcase classname=".toBe() fails for: 1 and 2" name=".toBe() fails for: 1 and 2" time="0.001">
    </testcase>
    <testcase classname=".toBe() fails for: true and false" name=".toBe() fails for: true and false" time="0.001">
    </testcase>
    <testcase classname=".toBe() fails for: {} and {}" name=".toBe() fails for: {} and {}" time="0.003">
    </testcase>
    <testcase classname=".toBe() fails for: {&quot;a&quot;: 1} and {&quot;a&quot;: 1}" name=".toBe() fails for: {&quot;a&quot;: 1} and {&quot;a&quot;: 1}" time="0.001">
    </testcase>
    <testcase classname=".toBe() fails for: {&quot;a&quot;: 1} and {&quot;a&quot;: 5}" name=".toBe() fails for: {&quot;a&quot;: 1} and {&quot;a&quot;: 5}" time="0.003">
    </testcase>
    <testcase classname=".toBe() fails for: &quot;abc&quot; and &quot;cde&quot;" name=".toBe() fails for: &quot;abc&quot; and &quot;cde&quot;" time="0.001">
    </testcase>
    <testcase classname=".toBe() fails for: &quot;with 
trailing space&quot; and &quot;without trailing space&quot;" name=".toBe() fails for: &quot;with 
trailing space&quot; and &quot;without trailing space&quot;" time="0.001">
    </testcase>
    <testcase classname=".toBe() fails for: [] and []" name=".toBe() fails for: [] and []" time="0.001">
    </testcase>
    <testcase classname=".toBe() fails for: null and undefined" name=".toBe() fails for: null and undefined" time="0.002">
    </testcase>
    <testcase classname=".toBe() fails for: -0 and 0" name=".toBe() fails for: -0 and 0" time="0.001">
    </testcase>
    <testcase classname=".toBe() fails for &apos;false&apos; with &apos;.not&apos;" name=".toBe() fails for &apos;false&apos; with &apos;.not&apos;" time="0.001">
    </testcase>
    <testcase classname=".toBe() fails for &apos;1&apos; with &apos;.not&apos;" name=".toBe() fails for &apos;1&apos; with &apos;.not&apos;" time="0.001">
    </testcase>
    <testcase classname=".toBe() fails for &apos;&quot;a&quot;&apos; with &apos;.not&apos;" name=".toBe() fails for &apos;&quot;a&quot;&apos; with &apos;.not&apos;" time="0.001">
    </testcase>
    <testcase classname=".toBe() fails for &apos;undefined&apos; with &apos;.not&apos;" name=".toBe() fails for &apos;undefined&apos; with &apos;.not&apos;" time="0">
    </testcase>
    <testcase classname=".toBe() fails for &apos;null&apos; with &apos;.not&apos;" name=".toBe() fails for &apos;null&apos; with &apos;.not&apos;" time="0">
    </testcase>
    <testcase classname=".toBe() fails for &apos;{}&apos; with &apos;.not&apos;" name=".toBe() fails for &apos;{}&apos; with &apos;.not&apos;" time="0.001">
    </testcase>
    <testcase classname=".toBe() fails for &apos;[]&apos; with &apos;.not&apos;" name=".toBe() fails for &apos;[]&apos; with &apos;.not&apos;" time="0.001">
    </testcase>
    <testcase classname=".toBe() does not crash on circular references" name=".toBe() does not crash on circular references" time="0.002">
    </testcase>
    <testcase classname=".toBe() assertion error matcherResult property contains matcher name, expected and actual values" name=".toBe() assertion error matcherResult property contains matcher name, expected and actual values" time="0.001">
    </testcase>
    <testcase classname=".toStrictEqual() does not ignore keys with undefined values" name=".toStrictEqual() does not ignore keys with undefined values" time="0.001">
    </testcase>
    <testcase classname=".toStrictEqual() passes when comparing same type" name=".toStrictEqual() passes when comparing same type" time="0.001">
    </testcase>
    <testcase classname=".toStrictEqual() matches the expected snapshot when it fails" name=".toStrictEqual() matches the expected snapshot when it fails" time="0.002">
    </testcase>
    <testcase classname=".toStrictEqual() does not pass for different types" name=".toStrictEqual() does not pass for different types" time="0">
    </testcase>
    <testcase classname=".toStrictEqual() does not simply compare constructor names" name=".toStrictEqual() does not simply compare constructor names" time="0.001">
    </testcase>
    <testcase classname=".toEqual() {pass: false} expect(true).toEqual(false)" name=".toEqual() {pass: false} expect(true).toEqual(false)" time="0.001">
    </testcase>
    <testcase classname=".toEqual() {pass: false} expect(1).toEqual(2)" name=".toEqual() {pass: false} expect(1).toEqual(2)" time="0">
    </testcase>
    <testcase classname=".toEqual() {pass: false} expect(0).toEqual(-0)" name=".toEqual() {pass: false} expect(0).toEqual(-0)" time="0.001">
    </testcase>
    <testcase classname=".toEqual() {pass: false} expect({&quot;a&quot;: 5}).toEqual({&quot;b&quot;: 6})" name=".toEqual() {pass: false} expect({&quot;a&quot;: 5}).toEqual({&quot;b&quot;: 6})" time="0.001">
    </testcase>
    <testcase classname=".toEqual() {pass: false} expect(&quot;banana&quot;).toEqual(&quot;apple&quot;)" name=".toEqual() {pass: false} expect(&quot;banana&quot;).toEqual(&quot;apple&quot;)" time="0.001">
    </testcase>
    <testcase classname=".toEqual() {pass: false} expect(null).toEqual(undefined)" name=".toEqual() {pass: false} expect(null).toEqual(undefined)" time="0.001">
    </testcase>
    <testcase classname=".toEqual() {pass: false} expect([1]).toEqual([2])" name=".toEqual() {pass: false} expect([1]).toEqual([2])" time="0.001">
    </testcase>
    <testcase classname=".toEqual() {pass: false} expect([1, 2]).toEqual([2, 1])" name=".toEqual() {pass: false} expect([1, 2]).toEqual([2, 1])" time="0.001">
    </testcase>
    <testcase classname=".toEqual() {pass: false} expect(Immutable.List [1]).toEqual(Immutable.List [2])" name=".toEqual() {pass: false} expect(Immutable.List [1]).toEqual(Immutable.List [2])" time="0.001">
    </testcase>
    <testcase classname=".toEqual() {pass: false} expect(Immutable.List [1, 2]).toEqual(Immutable.List [2, 1])" name=".toEqual() {pass: false} expect(Immutable.List [1, 2]).toEqual(Immutable.List [2, 1])" time="0.002">
    </testcase>
    <testcase classname=".toEqual() {pass: false} expect(Map {}).toEqual(Set {})" name=".toEqual() {pass: false} expect(Map {}).toEqual(Set {})" time="0">
    </testcase>
    <testcase classname=".toEqual() {pass: false} expect(Set {1, 2}).toEqual(Set {})" name=".toEqual() {pass: false} expect(Set {1, 2}).toEqual(Set {})" time="0.002">
    </testcase>
    <testcase classname=".toEqual() {pass: false} expect(Set {1, 2}).toEqual(Set {1, 2, 3})" name=".toEqual() {pass: false} expect(Set {1, 2}).toEqual(Set {1, 2, 3})" time="0.001">
    </testcase>
    <testcase classname=".toEqual() {pass: false} expect(Set {[1], [2]}).toEqual(Set {[1], [2], [3]})" name=".toEqual() {pass: false} expect(Set {[1], [2]}).toEqual(Set {[1], [2], [3]})" time="0.002">
    </testcase>
    <testcase classname=".toEqual() {pass: false} expect(Set {[1], [2]}).toEqual(Set {[1], [2], [2]})" name=".toEqual() {pass: false} expect(Set {[1], [2]}).toEqual(Set {[1], [2], [2]})" time="0.002">
    </testcase>
    <testcase classname=".toEqual() {pass: false} expect(Set {Set {1}, Set {2}}).toEqual(Set {Set {1}, Set {3}})" name=".toEqual() {pass: false} expect(Set {Set {1}, Set {2}}).toEqual(Set {Set {1}, Set {3}})" time="0.002">
    </testcase>
    <testcase classname=".toEqual() {pass: false} expect(Immutable.Set [1, 2]).toEqual(Immutable.Set [])" name=".toEqual() {pass: false} expect(Immutable.Set [1, 2]).toEqual(Immutable.Set [])" time="0.001">
    </testcase>
    <testcase classname=".toEqual() {pass: false} expect(Immutable.Set [1, 2]).toEqual(Immutable.Set [1, 2, 3])" name=".toEqual() {pass: false} expect(Immutable.Set [1, 2]).toEqual(Immutable.Set [1, 2, 3])" time="0.002">
    </testcase>
    <testcase classname=".toEqual() {pass: false} expect(Immutable.OrderedSet [1, 2]).toEqual(Immutable.OrderedSet [2, 1])" name=".toEqual() {pass: false} expect(Immutable.OrderedSet [1, 2]).toEqual(Immutable.OrderedSet [2, 1])" time="0.002">
    </testcase>
    <testcase classname=".toEqual() {pass: false} expect(Map {1 =&gt; &quot;one&quot;, 2 =&gt; &quot;two&quot;}).toEqual(Map {1 =&gt; &quot;one&quot;})" name=".toEqual() {pass: false} expect(Map {1 =&gt; &quot;one&quot;, 2 =&gt; &quot;two&quot;}).toEqual(Map {1 =&gt; &quot;one&quot;})" time="0.002">
    </testcase>
    <testcase classname=".toEqual() {pass: false} expect(Map {&quot;a&quot; =&gt; 0}).toEqual(Map {&quot;b&quot; =&gt; 0})" name=".toEqual() {pass: false} expect(Map {&quot;a&quot; =&gt; 0}).toEqual(Map {&quot;b&quot; =&gt; 0})" time="0.002">
    </testcase>
    <testcase classname=".toEqual() {pass: false} expect(Map {&quot;v&quot; =&gt; 1}).toEqual(Map {&quot;v&quot; =&gt; 2})" name=".toEqual() {pass: false} expect(Map {&quot;v&quot; =&gt; 1}).toEqual(Map {&quot;v&quot; =&gt; 2})" time="0.002">
    </testcase>
    <testcase classname=".toEqual() {pass: false} expect(Map {[&quot;v&quot;] =&gt; 1}).toEqual(Map {[&quot;v&quot;] =&gt; 2})" name=".toEqual() {pass: false} expect(Map {[&quot;v&quot;] =&gt; 1}).toEqual(Map {[&quot;v&quot;] =&gt; 2})" time="0.001">
    </testcase>
    <testcase classname=".toEqual() {pass: false} expect(Map {[1] =&gt; Map {[1] =&gt; &quot;one&quot;}}).toEqual(Map {[1] =&gt; Map {[1] =&gt; &quot;two&quot;}})" name=".toEqual() {pass: false} expect(Map {[1] =&gt; Map {[1] =&gt; &quot;one&quot;}}).toEqual(Map {[1] =&gt; Map {[1] =&gt; &quot;two&quot;}})" time="0.002">
    </testcase>
    <testcase classname=".toEqual() {pass: false} expect(Immutable.Map {&quot;a&quot;: 0}).toEqual(Immutable.Map {&quot;b&quot;: 0})" name=".toEqual() {pass: false} expect(Immutable.Map {&quot;a&quot;: 0}).toEqual(Immutable.Map {&quot;b&quot;: 0})" time="0.002">
    </testcase>
    <testcase classname=".toEqual() {pass: false} expect(Immutable.Map {&quot;v&quot;: 1}).toEqual(Immutable.Map {&quot;v&quot;: 2})" name=".toEqual() {pass: false} expect(Immutable.Map {&quot;v&quot;: 1}).toEqual(Immutable.Map {&quot;v&quot;: 2})" time="0.003">
    </testcase>
    <testcase classname=".toEqual() {pass: false} expect(Immutable.OrderedMap {1: &quot;one&quot;, 2: &quot;two&quot;}).toEqual(Immutable.OrderedMap {2: &quot;two&quot;, 1: &quot;one&quot;})" name=".toEqual() {pass: false} expect(Immutable.OrderedMap {1: &quot;one&quot;, 2: &quot;two&quot;}).toEqual(Immutable.OrderedMap {2: &quot;two&quot;, 1: &quot;one&quot;})" time="0.003">
    </testcase>
    <testcase classname=".toEqual() {pass: false} expect(Immutable.Map {&quot;1&quot;: Immutable.Map {&quot;2&quot;: {&quot;a&quot;: 99}}}).toEqual(Immutable.Map {&quot;1&quot;: Immutable.Map {&quot;2&quot;: {&quot;a&quot;: 11}}})" name=".toEqual() {pass: false} expect(Immutable.Map {&quot;1&quot;: Immutable.Map {&quot;2&quot;: {&quot;a&quot;: 99}}}).toEqual(Immutable.Map {&quot;1&quot;: Immutable.Map {&quot;2&quot;: {&quot;a&quot;: 11}}})" time="0.002">
    </testcase>
    <testcase classname=".toEqual() {pass: false} expect({&quot;a&quot;: 1, &quot;b&quot;: 2}).toEqual(ObjectContaining {&quot;a&quot;: 2})" name=".toEqual() {pass: false} expect({&quot;a&quot;: 1, &quot;b&quot;: 2}).toEqual(ObjectContaining {&quot;a&quot;: 2})" time="0.002">
    </testcase>
    <testcase classname=".toEqual() {pass: false} expect(false).toEqual(ObjectContaining {&quot;a&quot;: 2})" name=".toEqual() {pass: false} expect(false).toEqual(ObjectContaining {&quot;a&quot;: 2})" time="0.001">
    </testcase>
    <testcase classname=".toEqual() {pass: false} expect([1, 3]).toEqual(ArrayContaining [1, 2])" name=".toEqual() {pass: false} expect([1, 3]).toEqual(ArrayContaining [1, 2])" time="0.002">
    </testcase>
    <testcase classname=".toEqual() {pass: false} expect(1).toEqual(ArrayContaining [1, 2])" name=".toEqual() {pass: false} expect(1).toEqual(ArrayContaining [1, 2])" time="0">
    </testcase>
    <testcase classname=".toEqual() {pass: false} expect(&quot;abd&quot;).toEqual(StringContaining &quot;bc&quot;)" name=".toEqual() {pass: false} expect(&quot;abd&quot;).toEqual(StringContaining &quot;bc&quot;)" time="0.001">
    </testcase>
    <testcase classname=".toEqual() {pass: false} expect(&quot;abd&quot;).toEqual(StringMatching /bc/i)" name=".toEqual() {pass: false} expect(&quot;abd&quot;).toEqual(StringMatching /bc/i)" time="0.001">
    </testcase>
    <testcase classname=".toEqual() {pass: false} expect(undefined).toEqual(Anything)" name=".toEqual() {pass: false} expect(undefined).toEqual(Anything)" time="0.001">
    </testcase>
    <testcase classname=".toEqual() {pass: false} expect(undefined).toEqual(Any&lt;Function&gt;)" name=".toEqual() {pass: false} expect(undefined).toEqual(Any&lt;Function&gt;)" time="0.001">
    </testcase>
    <testcase classname=".toEqual() {pass: false} expect(&quot;Eve&quot;).toEqual({&quot;asymmetricMatch&quot;: [Function asymmetricMatch]})" name=".toEqual() {pass: false} expect(&quot;Eve&quot;).toEqual({&quot;asymmetricMatch&quot;: [Function asymmetricMatch]})" time="0.001">
    </testcase>
    <testcase classname=".toEqual() {pass: false} expect({&quot;target&quot;: {&quot;nodeType&quot;: 1, &quot;value&quot;: &quot;a&quot;}}).toEqual({&quot;target&quot;: {&quot;nodeType&quot;: 1, &quot;value&quot;: &quot;b&quot;}})" name=".toEqual() {pass: false} expect({&quot;target&quot;: {&quot;nodeType&quot;: 1, &quot;value&quot;: &quot;a&quot;}}).toEqual({&quot;target&quot;: {&quot;nodeType&quot;: 1, &quot;value&quot;: &quot;b&quot;}})" time="0.002">
    </testcase>
    <testcase classname=".toEqual() {pass: false} expect(true).not.toEqual(true)" name=".toEqual() {pass: false} expect(true).not.toEqual(true)" time="0">
    </testcase>
    <testcase classname=".toEqual() {pass: false} expect(1).not.toEqual(1)" name=".toEqual() {pass: false} expect(1).not.toEqual(1)" time="0.002">
    </testcase>
    <testcase classname=".toEqual() {pass: false} expect(&quot;abc&quot;).not.toEqual(&quot;abc&quot;)" name=".toEqual() {pass: false} expect(&quot;abc&quot;).not.toEqual(&quot;abc&quot;)" time="0.001">
    </testcase>
    <testcase classname=".toEqual() {pass: false} expect([1]).not.toEqual([1])" name=".toEqual() {pass: false} expect([1]).not.toEqual([1])" time="0.001">
    </testcase>
    <testcase classname=".toEqual() {pass: false} expect([1, 2]).not.toEqual([1, 2])" name=".toEqual() {pass: false} expect([1, 2]).not.toEqual([1, 2])" time="0.001">
    </testcase>
    <testcase classname=".toEqual() {pass: false} expect(Immutable.List [1]).not.toEqual(Immutable.List [1])" name=".toEqual() {pass: false} expect(Immutable.List [1]).not.toEqual(Immutable.List [1])" time="0.005">
    </testcase>
    <testcase classname=".toEqual() {pass: false} expect(Immutable.List [1, 2]).not.toEqual(Immutable.List [1, 2])" name=".toEqual() {pass: false} expect(Immutable.List [1, 2]).not.toEqual(Immutable.List [1, 2])" time="0.001">
    </testcase>
    <testcase classname=".toEqual() {pass: false} expect({}).not.toEqual({})" name=".toEqual() {pass: false} expect({}).not.toEqual({})" time="0.001">
    </testcase>
    <testcase classname=".toEqual() {pass: false} expect({&quot;a&quot;: 99}).not.toEqual({&quot;a&quot;: 99})" name=".toEqual() {pass: false} expect({&quot;a&quot;: 99}).not.toEqual({&quot;a&quot;: 99})" time="0.001">
    </testcase>
    <testcase classname=".toEqual() {pass: false} expect(Set {}).not.toEqual(Set {})" name=".toEqual() {pass: false} expect(Set {}).not.toEqual(Set {})" time="0.001">
    </testcase>
    <testcase classname=".toEqual() {pass: false} expect(Set {1, 2}).not.toEqual(Set {1, 2})" name=".toEqual() {pass: false} expect(Set {1, 2}).not.toEqual(Set {1, 2})" time="0.001">
    </testcase>
    <testcase classname=".toEqual() {pass: false} expect(Set {1, 2}).not.toEqual(Set {2, 1})" name=".toEqual() {pass: false} expect(Set {1, 2}).not.toEqual(Set {2, 1})" time="0.002">
    </testcase>
    <testcase classname=".toEqual() {pass: false} expect(Set {[1], [2]}).not.toEqual(Set {[2], [1]})" name=".toEqual() {pass: false} expect(Set {[1], [2]}).not.toEqual(Set {[2], [1]})" time="0.001">
    </testcase>
    <testcase classname=".toEqual() {pass: false} expect(Set {Set {[1]}, Set {[2]}}).not.toEqual(Set {Set {[2]}, Set {[1]}})" name=".toEqual() {pass: false} expect(Set {Set {[1]}, Set {[2]}}).not.toEqual(Set {Set {[2]}, Set {[1]}})" time="0.001">
    </testcase>
    <testcase classname=".toEqual() {pass: false} expect(Set {[1], [2], [3], [3]}).not.toEqual(Set {[3], [3], [2], [1]})" name=".toEqual() {pass: false} expect(Set {[1], [2], [3], [3]}).not.toEqual(Set {[3], [3], [2], [1]})" time="0.001">
    </testcase>
    <testcase classname=".toEqual() {pass: false} expect(Set {{&quot;a&quot;: 1}, {&quot;b&quot;: 2}}).not.toEqual(Set {{&quot;b&quot;: 2}, {&quot;a&quot;: 1}})" name=".toEqual() {pass: false} expect(Set {{&quot;a&quot;: 1}, {&quot;b&quot;: 2}}).not.toEqual(Set {{&quot;b&quot;: 2}, {&quot;a&quot;: 1}})" time="0.001">
    </testcase>
    <testcase classname=".toEqual() {pass: false} expect(Immutable.Set []).not.toEqual(Immutable.Set [])" name=".toEqual() {pass: false} expect(Immutable.Set []).not.toEqual(Immutable.Set [])" time="0.001">
    </testcase>
    <testcase classname=".toEqual() {pass: false} expect(Immutable.Set [1, 2]).not.toEqual(Immutable.Set [1, 2])" name=".toEqual() {pass: false} expect(Immutable.Set [1, 2]).not.toEqual(Immutable.Set [1, 2])" time="0.001">
    </testcase>
    <testcase classname=".toEqual() {pass: false} expect(Immutable.Set [1, 2]).not.toEqual(Immutable.Set [2, 1])" name=".toEqual() {pass: false} expect(Immutable.Set [1, 2]).not.toEqual(Immutable.Set [2, 1])" time="0">
    </testcase>
    <testcase classname=".toEqual() {pass: false} expect(Immutable.OrderedSet []).not.toEqual(Immutable.OrderedSet [])" name=".toEqual() {pass: false} expect(Immutable.OrderedSet []).not.toEqual(Immutable.OrderedSet [])" time="0.001">
    </testcase>
    <testcase classname=".toEqual() {pass: false} expect(Immutable.OrderedSet [1, 2]).not.toEqual(Immutable.OrderedSet [1, 2])" name=".toEqual() {pass: false} expect(Immutable.OrderedSet [1, 2]).not.toEqual(Immutable.OrderedSet [1, 2])" time="0">
    </testcase>
    <testcase classname=".toEqual() {pass: false} expect(Map {}).not.toEqual(Map {})" name=".toEqual() {pass: false} expect(Map {}).not.toEqual(Map {})" time="0.001">
    </testcase>
    <testcase classname=".toEqual() {pass: false} expect(Map {1 =&gt; &quot;one&quot;, 2 =&gt; &quot;two&quot;}).not.toEqual(Map {1 =&gt; &quot;one&quot;, 2 =&gt; &quot;two&quot;})" name=".toEqual() {pass: false} expect(Map {1 =&gt; &quot;one&quot;, 2 =&gt; &quot;two&quot;}).not.toEqual(Map {1 =&gt; &quot;one&quot;, 2 =&gt; &quot;two&quot;})" time="0.001">
    </testcase>
    <testcase classname=".toEqual() {pass: false} expect(Map {1 =&gt; &quot;one&quot;, 2 =&gt; &quot;two&quot;}).not.toEqual(Map {2 =&gt; &quot;two&quot;, 1 =&gt; &quot;one&quot;})" name=".toEqual() {pass: false} expect(Map {1 =&gt; &quot;one&quot;, 2 =&gt; &quot;two&quot;}).not.toEqual(Map {2 =&gt; &quot;two&quot;, 1 =&gt; &quot;one&quot;})" time="0.001">
    </testcase>
    <testcase classname=".toEqual() {pass: false} expect(Map {[1] =&gt; &quot;one&quot;, [2] =&gt; &quot;two&quot;, [3] =&gt; &quot;three&quot;, [3] =&gt; &quot;four&quot;}).not.toEqual(Map {[3] =&gt; &quot;three&quot;, [3] =&gt; &quot;four&quot;, [2] =&gt; &quot;two&quot;, [1] =&gt; &quot;one&quot;})" name=".toEqual() {pass: false} expect(Map {[1] =&gt; &quot;one&quot;, [2] =&gt; &quot;two&quot;, [3] =&gt; &quot;three&quot;, [3] =&gt; &quot;four&quot;}).not.toEqual(Map {[3] =&gt; &quot;three&quot;, [3] =&gt; &quot;four&quot;, [2] =&gt; &quot;two&quot;, [1] =&gt; &quot;one&quot;})" time="0.001">
    </testcase>
    <testcase classname=".toEqual() {pass: false} expect(Map {[1] =&gt; Map {[1] =&gt; &quot;one&quot;}, [2] =&gt; Map {[2] =&gt; &quot;two&quot;}}).not.toEqual(Map {[2] =&gt; Map {[2] =&gt; &quot;two&quot;}, [1] =&gt; Map {[1] =&gt; &quot;one&quot;}})" name=".toEqual() {pass: false} expect(Map {[1] =&gt; Map {[1] =&gt; &quot;one&quot;}, [2] =&gt; Map {[2] =&gt; &quot;two&quot;}}).not.toEqual(Map {[2] =&gt; Map {[2] =&gt; &quot;two&quot;}, [1] =&gt; Map {[1] =&gt; &quot;one&quot;}})" time="0.001">
    </testcase>
    <testcase classname=".toEqual() {pass: false} expect(Map {[1] =&gt; &quot;one&quot;, [2] =&gt; &quot;two&quot;}).not.toEqual(Map {[2] =&gt; &quot;two&quot;, [1] =&gt; &quot;one&quot;})" name=".toEqual() {pass: false} expect(Map {[1] =&gt; &quot;one&quot;, [2] =&gt; &quot;two&quot;}).not.toEqual(Map {[2] =&gt; &quot;two&quot;, [1] =&gt; &quot;one&quot;})" time="0.001">
    </testcase>
    <testcase classname=".toEqual() {pass: false} expect(Map {{&quot;a&quot;: 1} =&gt; &quot;one&quot;, {&quot;b&quot;: 2} =&gt; &quot;two&quot;}).not.toEqual(Map {{&quot;b&quot;: 2} =&gt; &quot;two&quot;, {&quot;a&quot;: 1} =&gt; &quot;one&quot;})" name=".toEqual() {pass: false} expect(Map {{&quot;a&quot;: 1} =&gt; &quot;one&quot;, {&quot;b&quot;: 2} =&gt; &quot;two&quot;}).not.toEqual(Map {{&quot;b&quot;: 2} =&gt; &quot;two&quot;, {&quot;a&quot;: 1} =&gt; &quot;one&quot;})" time="0">
    </testcase>
    <testcase classname=".toEqual() {pass: false} expect(Map {1 =&gt; [&quot;one&quot;], 2 =&gt; [&quot;two&quot;]}).not.toEqual(Map {2 =&gt; [&quot;two&quot;], 1 =&gt; [&quot;one&quot;]})" name=".toEqual() {pass: false} expect(Map {1 =&gt; [&quot;one&quot;], 2 =&gt; [&quot;two&quot;]}).not.toEqual(Map {2 =&gt; [&quot;two&quot;], 1 =&gt; [&quot;one&quot;]})" time="0.001">
    </testcase>
    <testcase classname=".toEqual() {pass: false} expect(Immutable.Map {}).not.toEqual(Immutable.Map {})" name=".toEqual() {pass: false} expect(Immutable.Map {}).not.toEqual(Immutable.Map {})" time="0.001">
    </testcase>
    <testcase classname=".toEqual() {pass: false} expect(Immutable.Map {1: &quot;one&quot;, 2: &quot;two&quot;}).not.toEqual(Immutable.Map {1: &quot;one&quot;, 2: &quot;two&quot;})" name=".toEqual() {pass: false} expect(Immutable.Map {1: &quot;one&quot;, 2: &quot;two&quot;}).not.toEqual(Immutable.Map {1: &quot;one&quot;, 2: &quot;two&quot;})" time="0.001">
    </testcase>
    <testcase classname=".toEqual() {pass: false} expect(Immutable.Map {1: &quot;one&quot;, 2: &quot;two&quot;}).not.toEqual(Immutable.Map {2: &quot;two&quot;, 1: &quot;one&quot;})" name=".toEqual() {pass: false} expect(Immutable.Map {1: &quot;one&quot;, 2: &quot;two&quot;}).not.toEqual(Immutable.Map {2: &quot;two&quot;, 1: &quot;one&quot;})" time="0.001">
    </testcase>
    <testcase classname=".toEqual() {pass: false} expect(Immutable.OrderedMap {1: &quot;one&quot;, 2: &quot;two&quot;}).not.toEqual(Immutable.OrderedMap {1: &quot;one&quot;, 2: &quot;two&quot;})" name=".toEqual() {pass: false} expect(Immutable.OrderedMap {1: &quot;one&quot;, 2: &quot;two&quot;}).not.toEqual(Immutable.OrderedMap {1: &quot;one&quot;, 2: &quot;two&quot;})" time="0">
    </testcase>
    <testcase classname=".toEqual() {pass: false} expect(Immutable.Map {&quot;1&quot;: Immutable.Map {&quot;2&quot;: {&quot;a&quot;: 99}}}).not.toEqual(Immutable.Map {&quot;1&quot;: Immutable.Map {&quot;2&quot;: {&quot;a&quot;: 99}}})" name=".toEqual() {pass: false} expect(Immutable.Map {&quot;1&quot;: Immutable.Map {&quot;2&quot;: {&quot;a&quot;: 99}}}).not.toEqual(Immutable.Map {&quot;1&quot;: Immutable.Map {&quot;2&quot;: {&quot;a&quot;: 99}}})" time="0.001">
    </testcase>
    <testcase classname=".toEqual() {pass: false} expect({&quot;a&quot;: 1, &quot;b&quot;: 2}).not.toEqual(ObjectContaining {&quot;a&quot;: 1})" name=".toEqual() {pass: false} expect({&quot;a&quot;: 1, &quot;b&quot;: 2}).not.toEqual(ObjectContaining {&quot;a&quot;: 1})" time="0.002">
    </testcase>
    <testcase classname=".toEqual() {pass: false} expect([1, 2, 3]).not.toEqual(ArrayContaining [2, 3])" name=".toEqual() {pass: false} expect([1, 2, 3]).not.toEqual(ArrayContaining [2, 3])" time="0.001">
    </testcase>
    <testcase classname=".toEqual() {pass: false} expect(&quot;abcd&quot;).not.toEqual(StringContaining &quot;bc&quot;)" name=".toEqual() {pass: false} expect(&quot;abcd&quot;).not.toEqual(StringContaining &quot;bc&quot;)" time="0.001">
    </testcase>
    <testcase classname=".toEqual() {pass: false} expect(&quot;abcd&quot;).not.toEqual(StringMatching /bc/)" name=".toEqual() {pass: false} expect(&quot;abcd&quot;).not.toEqual(StringMatching /bc/)" time="0.001">
    </testcase>
    <testcase classname=".toEqual() {pass: false} expect(true).not.toEqual(Anything)" name=".toEqual() {pass: false} expect(true).not.toEqual(Anything)" time="0.001">
    </testcase>
    <testcase classname=".toEqual() {pass: false} expect([Function anonymous]).not.toEqual(Any&lt;Function&gt;)" name=".toEqual() {pass: false} expect([Function anonymous]).not.toEqual(Any&lt;Function&gt;)" time="0.001">
    </testcase>
    <testcase classname=".toEqual() {pass: false} expect({&quot;a&quot;: 1, &quot;b&quot;: [Function b], &quot;c&quot;: true}).not.toEqual({&quot;a&quot;: 1, &quot;b&quot;: Any&lt;Function&gt;, &quot;c&quot;: Anything})" name=".toEqual() {pass: false} expect({&quot;a&quot;: 1, &quot;b&quot;: [Function b], &quot;c&quot;: true}).not.toEqual({&quot;a&quot;: 1, &quot;b&quot;: Any&lt;Function&gt;, &quot;c&quot;: Anything})" time="0.001">
    </testcase>
    <testcase classname=".toEqual() {pass: false} expect(&quot;Alice&quot;).not.toEqual({&quot;asymmetricMatch&quot;: [Function asymmetricMatch]})" name=".toEqual() {pass: false} expect(&quot;Alice&quot;).not.toEqual({&quot;asymmetricMatch&quot;: [Function asymmetricMatch]})" time="0.001">
    </testcase>
    <testcase classname=".toEqual() assertion error matcherResult property contains matcher name, expected and actual values" name=".toEqual() assertion error matcherResult property contains matcher name, expected and actual values" time="0.002">
    </testcase>
    <testcase classname=".toEqual() symbol based keys in arrays are processed correctly" name=".toEqual() symbol based keys in arrays are processed correctly" time="0">
    </testcase>
    <testcase classname=".toEqual() non-enumerable members should be skipped during equal" name=".toEqual() non-enumerable members should be skipped during equal" time="0.001">
    </testcase>
    <testcase classname=".toEqual() non-enumerable symbolic members should be skipped during equal" name=".toEqual() non-enumerable symbolic members should be skipped during equal" time="0">
    </testcase>
    <testcase classname=".toBeInstanceOf() passing Map {} and [Function Map]" name=".toBeInstanceOf() passing Map {} and [Function Map]" time="0.001">
    </testcase>
    <testcase classname=".toBeInstanceOf() passing [] and [Function Array]" name=".toBeInstanceOf() passing [] and [Function Array]" time="0.001">
    </testcase>
    <testcase classname=".toBeInstanceOf() passing {} and [Function A]" name=".toBeInstanceOf() passing {} and [Function A]" time="0.001">
    </testcase>
    <testcase classname=".toBeInstanceOf() failing &quot;a&quot; and [Function String]" name=".toBeInstanceOf() failing &quot;a&quot; and [Function String]" time="0.002">
    </testcase>
    <testcase classname=".toBeInstanceOf() failing 1 and [Function Number]" name=".toBeInstanceOf() failing 1 and [Function Number]" time="0.001">
    </testcase>
    <testcase classname=".toBeInstanceOf() failing true and [Function Boolean]" name=".toBeInstanceOf() failing true and [Function Boolean]" time="0.001">
    </testcase>
    <testcase classname=".toBeInstanceOf() failing {} and [Function B]" name=".toBeInstanceOf() failing {} and [Function B]" time="0.001">
    </testcase>
    <testcase classname=".toBeInstanceOf() failing {} and [Function A]" name=".toBeInstanceOf() failing {} and [Function A]" time="0.001">
    </testcase>
    <testcase classname=".toBeInstanceOf() failing undefined and [Function String]" name=".toBeInstanceOf() failing undefined and [Function String]" time="0.002">
    </testcase>
    <testcase classname=".toBeInstanceOf() failing null and [Function String]" name=".toBeInstanceOf() failing null and [Function String]" time="0.001">
    </testcase>
    <testcase classname=".toBeInstanceOf() throws if constructor is not a function" name=".toBeInstanceOf() throws if constructor is not a function" time="0">
    </testcase>
    <testcase classname=".toBeTruthy(), .toBeFalsy() does not accept arguments" name=".toBeTruthy(), .toBeFalsy() does not accept arguments" time="0.001">
    </testcase>
    <testcase classname=".toBeTruthy(), .toBeFalsy() &apos;{}&apos; is truthy" name=".toBeTruthy(), .toBeFalsy() &apos;{}&apos; is truthy" time="0.002">
    </testcase>
    <testcase classname=".toBeTruthy(), .toBeFalsy() &apos;[]&apos; is truthy" name=".toBeTruthy(), .toBeFalsy() &apos;[]&apos; is truthy" time="0.002">
    </testcase>
    <testcase classname=".toBeTruthy(), .toBeFalsy() &apos;true&apos; is truthy" name=".toBeTruthy(), .toBeFalsy() &apos;true&apos; is truthy" time="0.001">
    </testcase>
    <testcase classname=".toBeTruthy(), .toBeFalsy() &apos;1&apos; is truthy" name=".toBeTruthy(), .toBeFalsy() &apos;1&apos; is truthy" time="0.001">
    </testcase>
    <testcase classname=".toBeTruthy(), .toBeFalsy() &apos;&quot;a&quot;&apos; is truthy" name=".toBeTruthy(), .toBeFalsy() &apos;&quot;a&quot;&apos; is truthy" time="0.001">
    </testcase>
    <testcase classname=".toBeTruthy(), .toBeFalsy() &apos;0.5&apos; is truthy" name=".toBeTruthy(), .toBeFalsy() &apos;0.5&apos; is truthy" time="0.001">
    </testcase>
    <testcase classname=".toBeTruthy(), .toBeFalsy() &apos;Map {}&apos; is truthy" name=".toBeTruthy(), .toBeFalsy() &apos;Map {}&apos; is truthy" time="0.006">
    </testcase>
    <testcase classname=".toBeTruthy(), .toBeFalsy() &apos;[Function anonymous]&apos; is truthy" name=".toBeTruthy(), .toBeFalsy() &apos;[Function anonymous]&apos; is truthy" time="0.003">
    </testcase>
    <testcase classname=".toBeTruthy(), .toBeFalsy() &apos;Infinity&apos; is truthy" name=".toBeTruthy(), .toBeFalsy() &apos;Infinity&apos; is truthy" time="0.004">
    </testcase>
    <testcase classname=".toBeTruthy(), .toBeFalsy() &apos;false&apos; is falsy" name=".toBeTruthy(), .toBeFalsy() &apos;false&apos; is falsy" time="0.003">
    </testcase>
    <testcase classname=".toBeTruthy(), .toBeFalsy() &apos;null&apos; is falsy" name=".toBeTruthy(), .toBeFalsy() &apos;null&apos; is falsy" time="0.002">
    </testcase>
    <testcase classname=".toBeTruthy(), .toBeFalsy() &apos;NaN&apos; is falsy" name=".toBeTruthy(), .toBeFalsy() &apos;NaN&apos; is falsy" time="0.003">
    </testcase>
    <testcase classname=".toBeTruthy(), .toBeFalsy() &apos;0&apos; is falsy" name=".toBeTruthy(), .toBeFalsy() &apos;0&apos; is falsy" time="0.004">
    </testcase>
    <testcase classname=".toBeTruthy(), .toBeFalsy() &apos;&quot;&quot;&apos; is falsy" name=".toBeTruthy(), .toBeFalsy() &apos;&quot;&quot;&apos; is falsy" time="0.003">
    </testcase>
    <testcase classname=".toBeTruthy(), .toBeFalsy() &apos;undefined&apos; is falsy" name=".toBeTruthy(), .toBeFalsy() &apos;undefined&apos; is falsy" time="0.002">
    </testcase>
    <testcase classname=".toBeNaN() {pass: true} expect(NaN).toBeNaN()" name=".toBeNaN() {pass: true} expect(NaN).toBeNaN()" time="0.006">
    </testcase>
    <testcase classname=".toBeNaN() throws" name=".toBeNaN() throws" time="0.023">
    </testcase>
    <testcase classname=".toBeNull() fails for &apos;{}&apos; with .not" name=".toBeNull() fails for &apos;{}&apos; with .not" time="0.002">
    </testcase>
    <testcase classname=".toBeNull() fails for &apos;[]&apos; with .not" name=".toBeNull() fails for &apos;[]&apos; with .not" time="0.001">
    </testcase>
    <testcase classname=".toBeNull() fails for &apos;true&apos; with .not" name=".toBeNull() fails for &apos;true&apos; with .not" time="0.002">
    </testcase>
    <testcase classname=".toBeNull() fails for &apos;1&apos; with .not" name=".toBeNull() fails for &apos;1&apos; with .not" time="0.001">
    </testcase>
    <testcase classname=".toBeNull() fails for &apos;&quot;a&quot;&apos; with .not" name=".toBeNull() fails for &apos;&quot;a&quot;&apos; with .not" time="0.002">
    </testcase>
    <testcase classname=".toBeNull() fails for &apos;0.5&apos; with .not" name=".toBeNull() fails for &apos;0.5&apos; with .not" time="0.001">
    </testcase>
    <testcase classname=".toBeNull() fails for &apos;Map {}&apos; with .not" name=".toBeNull() fails for &apos;Map {}&apos; with .not" time="0.001">
    </testcase>
    <testcase classname=".toBeNull() fails for &apos;[Function anonymous]&apos; with .not" name=".toBeNull() fails for &apos;[Function anonymous]&apos; with .not" time="0.002">
    </testcase>
    <testcase classname=".toBeNull() fails for &apos;Infinity&apos; with .not" name=".toBeNull() fails for &apos;Infinity&apos; with .not" time="0.003">
    </testcase>
    <testcase classname=".toBeNull() pass for null" name=".toBeNull() pass for null" time="0.001">
    </testcase>
[...]
    </testcase>
  </testsuite>
  <testsuite name="isRegExpSupported" errors="0" failures="0" skipped="0" timestamp="2018-12-19T21:39:06" time="0.191" tests="2">
    <testcase classname="isRegExpSupported should return true when passing valid regular expression" name="isRegExpSupported should return true when passing valid regular expression" time="0.002">
    </testcase>
    <testcase classname="isRegExpSupported should return false when passing an invalid regular expression" name="isRegExpSupported should return false when passing an invalid regular expression" time="0.001">
    </testcase>
  </testsuite>
  <testsuite name="undefined" errors="0" failures="0" skipped="0" timestamp="2018-12-19T21:39:06" time="8.305" tests="1">
    <testcase classname=" instruments and collects coverage for typescript files" name=" instruments and collects coverage for typescript files" time="8.104">
    </testcase>
  </testsuite>
  <testsuite name="undefined" errors="0" failures="0" skipped="0" timestamp="2018-12-19T21:39:14" time="5.746" tests="1">
    <testcase classname=" testNamePattern skipped" name=" testNamePattern skipped" time="5.542">
    </testcase>
  </testsuite>
  <testsuite name="undefined" errors="0" failures="0" skipped="0" timestamp="2018-12-19T21:39:20" time="10.996" tests="2">
    <testcase classname=" run timers after resetAllMocks test" name=" run timers after resetAllMocks test" time="5.437">
    </testcase>
    <testcase classname=" run timers with resetMocks in config test" name=" run timers with resetMocks in config test" time="5.367">
    </testcase>
  </testsuite>
  <testsuite name="getMockName" errors="0" failures="0" skipped="0" timestamp="2018-12-19T21:39:31" time="0.192" tests="1">
    <testcase classname="getMockName extracts mock name from file path" name="getMockName extracts mock name from file path" time="0.001">
    </testcase>
  </testsuite>
  <testsuite name="undefined" errors="0" failures="0" skipped="0" timestamp="2018-12-19T21:39:31" time="6.328" tests="1">
    <testcase classname=" testNamePattern" name=" testNamePattern" time="6.047">
    </testcase>
  </testsuite>
  <testsuite name="Suite" errors="0" failures="0" skipped="0" timestamp="2018-12-19T21:39:38" time="0.377" tests="1">
    <testcase classname="Suite doesn&apos;t throw on addExpectationResult when there are no children" name="Suite doesn&apos;t throw on addExpectationResult when there are no children" time="0.002">
    </testcase>
  </testsuite>
  <testsuite name="undefined" errors="0" failures="0" skipped="0" timestamp="2018-12-19T21:39:38" time="11.949" tests="2">
    <testcase classname=" suite with auto-restore" name=" suite with auto-restore" time="5.758">
    </testcase>
    <testcase classname=" suite without auto-restore" name=" suite without auto-restore" time="5.99">
    </testcase>
  </testsuite>
  <testsuite name="timers" errors="0" failures="0" skipped="0" timestamp="2018-12-19T21:39:50" time="0.19" tests="2">
    <testcase classname="timers should work before calling resetAllMocks" name="timers should work before calling resetAllMocks" time="0.003">
    </testcase>
    <testcase classname="timers should not break after calling resetAllMocks" name="timers should not break after calling resetAllMocks" time="0.001">
    </testcase>
  </testsuite>
  <testsuite name="undefined" errors="0" failures="0" skipped="0" timestamp="2018-12-19T21:39:50" time="12.006" tests="2">
    <testcase classname=" suite with auto-reset" name=" suite with auto-reset" time="5.952">
    </testcase>
    <testcase classname=" suite without auto-reset" name=" suite without auto-reset" time="5.847">
    </testcase>
  </testsuite>
  <testsuite name="undefined" errors="0" failures="0" skipped="0" timestamp="2018-12-19T21:40:02" time="11.329" tests="2">
    <testcase classname=" suite with auto-clear" name=" suite with auto-clear" time="5.554">
    </testcase>
    <testcase classname=" suite without auto-clear" name=" suite without auto-clear" time="5.547">
    </testcase>
  </testsuite>
  <testsuite name="undefined" errors="0" failures="0" skipped="0" timestamp="2018-12-19T21:40:14" time="1.901" tests="2">
    <testcase classname=" implementation created by automock" name=" implementation created by automock" time="0.001">
    </testcase>
    <testcase classname=" implementation created by jest.genMockFromModule" name=" implementation created by jest.genMockFromModule" time="0.001">
    </testcase>
  </testsuite>
  <testsuite name="Regex Char In Path" errors="0" failures="0" skipped="0" timestamp="2018-12-19T21:40:16" time="5.527" tests="1">
    <testcase classname="Regex Char In Path parses paths containing regex chars correctly" name="Regex Char In Path parses paths containing regex chars correctly" time="5.327">
    </testcase>
  </testsuite>
  <testsuite name="undefined" errors="0" failures="0" skipped="0" timestamp="2018-12-19T21:40:21" time="4.561" tests="1">
    <testcase classname=" Verbose Reporter" name=" Verbose Reporter" time="4.36">
    </testcase>
  </testsuite>
  <testsuite name="undefined" errors="0" failures="0" skipped="0" timestamp="2018-12-19T21:40:26" time="5.994" tests="1">
    <testcase classname=" prints a usable stack trace even if no Error.captureStackTrace" name=" prints a usable stack trace even if no Error.captureStackTrace" time="5.781">
    </testcase>
  </testsuite>
  <testsuite name="undefined" errors="0" failures="0" skipped="0" timestamp="2018-12-19T21:40:32" time="6.18" tests="1">
    <testcase classname=" provides `require.main` set to test suite module" name=" provides `require.main` set to test suite module" time="5.884">
    </testcase>
  </testsuite>
  <testsuite name="undefined" errors="0" failures="1" skipped="0" timestamp="2018-12-19T21:40:38" time="4.808" tests="1">
    <testcase classname=" should transform linked modules" name=" should transform linked modules" time="4.581">
      <failure>Error: expect(received).toBe(expected) // Object.is equality

Expected: true
Received: false
    at Object.toBe (C:\Users\kangan\Source\Repos\jest\e2e\__tests__\transform-linked-modules.test.js:19:26)
    at Object.asyncJestTest (C:\Users\kangan\Source\Repos\jest\packages\jest-jasmine2\build\jasmineAsyncInstall.js:121:37)
    at resolve (C:\Users\kangan\Source\Repos\jest\packages\jest-jasmine2\build\queueRunner.js:54:12)
    at new Promise (&lt;anonymous&gt;)
    at mapper (C:\Users\kangan\Source\Repos\jest\packages\jest-jasmine2\build\queueRunner.js:41:19)
    at promise.then (C:\Users\kangan\Source\Repos\jest\packages\jest-jasmine2\build\queueRunner.js:86:41)</failure>
    </testcase>
  </testsuite>
  <testsuite name="undefined" errors="0" failures="0" skipped="0" timestamp="2018-12-19T21:40:43" time="5.995" tests="1">
    <testcase classname=" supports NODE_PATH" name=" supports NODE_PATH" time="5.795">
    </testcase>
  </testsuite>
  <testsuite name="Correct BeforeAll run" errors="0" failures="0" skipped="0" timestamp="2018-12-19T21:40:49" time="8.384" tests="1">
    <testcase classname="Correct BeforeAll run ensures the BeforeAll of ignored suite is not run" name="Correct BeforeAll run ensures the BeforeAll of ignored suite is not run" time="7.914">
    </testcase>
  </testsuite>
  <testsuite name="undefined" errors="0" failures="0" skipped="0" timestamp="2018-12-19T21:40:58" time="7.723" tests="1">
    <testcase classname=" useRealTimers cancels &quot;timers&quot;: &quot;fake&quot; for whole test file" name=" useRealTimers cancels &quot;timers&quot;: &quot;fake&quot; for whole test file" time="7.453">
    </testcase>
  </testsuite>
  <testsuite name="Fake Chalk" errors="0" failures="0" skipped="0" timestamp="2018-12-19T21:41:05" time="0.24" tests="2">
    <testcase classname="Fake Chalk returns input when invoked" name="Fake Chalk returns input when invoked" time="0.002">
    </testcase>
    <testcase classname="Fake Chalk supports chaining" name="Fake Chalk supports chaining" time="0">
    </testcase>
  </testsuite>
  <testsuite name="undefined" errors="0" failures="0" skipped="0" timestamp="2018-12-19T21:41:06" time="16.026" tests="2">
    <testcase classname=" supports json preset" name=" supports json preset" time="7.941">
    </testcase>
    <testcase classname=" supports js preset" name=" supports js preset" time="7.516">
    </testcase>
  </testsuite>
  <testsuite name="Correct beforeEach order" errors="0" failures="0" skipped="0" timestamp="2018-12-19T21:41:22" time="7.699" tests="1">
    <testcase classname="Correct beforeEach order ensures the correct order for beforeEach" name="Correct beforeEach order ensures the correct order for beforeEach" time="7.487">
    </testcase>
  </testsuite>
  <testsuite name="undefined" errors="0" failures="0" skipped="0" timestamp="2018-12-19T21:41:30" time="0.482" tests="2">
    <testcase classname=" if utils are mocked" name=" if utils are mocked" time="0.004">
    </testcase>
    <testcase classname=" mocked implementation" name=" mocked implementation" time="0.001">
    </testcase>
  </testsuite>
  <testsuite name="undefined" errors="0" failures="0" skipped="0" timestamp="2018-12-19T21:41:30" time="7.93" tests="1">
    <testcase classname=" does not crash when expect involving a DOM node fails" name=" does not crash when expect involving a DOM node fails" time="7.697">
    </testcase>
  </testsuite>
  <testsuite name="undefined" errors="0" failures="0" skipped="0" timestamp="2018-12-19T21:41:38" time="1.354" tests="1">
    <testcase classname=" readConfig() throws when an object is passed without a file path" name=" readConfig() throws when an object is passed without a file path" time="0.002">
    </testcase>
  </testsuite>
  <testsuite name="Common globals" errors="0" failures="0" skipped="0" timestamp="2018-12-19T21:41:40" time="0.169" tests="1">
    <testcase classname="Common globals check process" name="Common globals check process" time="0.001">
    </testcase>
  </testsuite>
  <testsuite name="undefined" errors="0" failures="0" skipped="0" timestamp="2018-12-19T21:41:40" time="5.75" tests="1">
    <testcase classname=" suite with invalid assertions in afterAll" name=" suite with invalid assertions in afterAll" time="5.54">
    </testcase>
  </testsuite>
  <testsuite name="undefined" errors="0" failures="0" skipped="0" timestamp="2018-12-19T21:41:46" time="0.212" tests="2">
    <testcase classname=" JSON is available in the global scope" name=" JSON is available in the global scope" time="0.002">
    </testcase>
    <testcase classname=" JSON.parse creates objects from within this context" name=" JSON.parse creates objects from within this context" time="0.001">
    </testcase>
  </testsuite>
  <testsuite name="undefined" errors="0" failures="0" skipped="0" timestamp="2018-12-19T21:41:46" time="5.639" tests="1">
    <testcase classname=" setImmediate" name=" setImmediate" time="5.448">
    </testcase>
  </testsuite>
  <testsuite name="undefined" errors="0" failures="0" skipped="0" timestamp="2018-12-19T21:41:51" time="5.812" tests="1">
    <testcase classname=" jest.resetModules should not error when _isMockFunction is defined but not boolean" name=" jest.resetModules should not error when _isMockFunction is defined but not boolean" time="5.589">
    </testcase>
  </testsuite>
  <testsuite name="undefined" errors="0" failures="0" skipped="0" timestamp="2018-12-19T21:41:57" time="5.698" tests="1">
    <testcase classname=" suite with test cases that contain malformed sourcemaps" name=" suite with test cases that contain malformed sourcemaps" time="5.48">
    </testcase>
  </testsuite>
  <testsuite name="undefined" errors="0" failures="0" skipped="0" timestamp="2018-12-19T21:42:03" time="5.795" tests="1">
    <testcase classname=" prints stack trace pointing to process.exit call" name=" prints stack trace pointing to process.exit call" time="5.338">
    </testcase>
  </testsuite>
  <testsuite name="undefined" errors="0" failures="0" skipped="0" timestamp="2018-12-19T21:42:09" time="5.881" tests="1">
    <testcase classname=" expect works correctly with RegExps created inside a VM" name=" expect works correctly with RegExps created inside a VM" time="5.653">
    </testcase>
  </testsuite>
  <testsuite name="undefined" errors="0" failures="0" skipped="0" timestamp="2018-12-19T21:42:15" time="7.723" tests="1">
    <testcase classname=" module.parent should be null in test files" name=" module.parent should be null in test files" time="7.519">
    </testcase>
  </testsuite>
  <testsuite name="undefined" errors="0" failures="0" skipped="0" timestamp="2018-12-19T21:42:23" time="0.34" tests="1">
    <testcase classname=" renders correctly" name=" renders correctly" time="0.004">
    </testcase>
  </testsuite>
  <testsuite name="undefined" errors="0" failures="0" skipped="0" timestamp="2018-12-19T21:42:23" time="8.48" tests="1">
    <testcase classname=" works with nested event loops" name=" works with nested event loops" time="8.269">
    </testcase>
  </testsuite>
  <testsuite name="undefined" errors="0" failures="0" skipped="0" timestamp="2018-12-19T21:42:31" time="8.299" tests="1">
    <testcase classname=" use the custom resolver" name=" use the custom resolver" time="8.08">
    </testcase>
  </testsuite>
  <testsuite name="undefined" errors="0" failures="0" skipped="0" timestamp="2018-12-19T21:42:40" time="5.926" tests="1">
    <testcase classname=" resolve node module" name=" resolve node module" time="5.719">
    </testcase>
  </testsuite>
  <testsuite name="undefined" errors="0" failures="0" skipped="0" timestamp="2018-12-19T21:42:46" time="5.688" tests="1">
    <testcase classname=" mock works with generator" name=" mock works with generator" time="5.474">
    </testcase>
  </testsuite>
  <testsuite name="undefined" errors="0" failures="0" skipped="0" timestamp="2018-12-19T21:42:52" time="6.305" tests="1">
    <testcase classname=" require.resolve.paths" name=" require.resolve.paths" time="6.094">
    </testcase>
  </testsuite>
  <testsuite name="undefined" errors="0" failures="0" skipped="0" timestamp="2018-12-19T21:42:58" time="8.933" tests="1">
    <testcase classname=" resolve platform modules" name=" resolve platform modules" time="8.692">
    </testcase>
  </testsuite>
  <testsuite name="matchers" errors="0" failures="0" skipped="0" timestamp="2018-12-19T21:43:07" time="0.266" tests="1">
    <testcase classname="matchers proxies matchers to expect" name="matchers proxies matchers to expect" time="0.005">
    </testcase>
  </testsuite>
  <testsuite name="undefined" errors="0" failures="0" skipped="0" timestamp="2018-12-19T21:43:07" time="0.213" tests="1">
    <testcase classname=" v8 module" name=" v8 module" time="0.003">
    </testcase>
  </testsuite>
  <testsuite name="undefined" errors="0" failures="0" skipped="0" timestamp="2018-12-19T21:43:07" time="0.286" tests="1">
    <testcase classname=" does a full mock" name=" does a full mock" time="0.01">
    </testcase>
  </testsuite>
  <testsuite name="undefined" errors="0" failures="0" skipped="0" timestamp="2018-12-19T21:43:08" time="0.273" tests="1">
    <testcase classname=" Symbol deletion" name=" Symbol deletion" time="0.002">
    </testcase>
  </testsuite>
  <testsuite name="undefined" errors="0" failures="0" skipped="0" timestamp="2018-12-19T21:43:08" time="0.327" tests="1">
    <testcase classname=" readConfigs() throws when called without project paths" name=" readConfigs() throws when called without project paths" time="0.002">
    </testcase>
  </testsuite>
  <testsuite name="undefined" errors="0" failures="0" skipped="0" timestamp="2018-12-19T21:43:09" time="0.497" tests="1">
    <testcase classname=" globals are properly defined" name=" globals are properly defined" time="0.002">
    </testcase>
  </testsuite>
  <testsuite name="timers" errors="0" failures="0" skipped="0" timestamp="2018-12-19T21:43:09" time="0.212" tests="1">
    <testcase classname="timers should work before calling resetAllMocks" name="timers should work before calling resetAllMocks" time="0.002">
    </testcase>
  </testsuite>
  <testsuite name="undefined" errors="0" failures="0" skipped="0" timestamp="2018-12-19T21:43:10" time="0.372" tests="2">
    <testcase classname=" adds 1 + 2 to equal 3 in TScript" name=" adds 1 + 2 to equal 3 in TScript" time="0.078">
    </testcase>
    <testcase classname=" adds 1 + 2 to equal 3 in JavaScript" name=" adds 1 + 2 to equal 3 in JavaScript" time="0.039">
    </testcase>
  </testsuite>
  <testsuite name="undefined" errors="0" failures="0" skipped="0" timestamp="2018-12-19T21:43:10" time="0.212" tests="2">
    <testcase classname=" adds 1 + 2 to equal 3 in Typescript" name=" adds 1 + 2 to equal 3 in Typescript" time="0.003">
    </testcase>
    <testcase classname=" adds 1 + 2 to equal 3 in JavaScript" name=" adds 1 + 2 to equal 3 in JavaScript" time="0.002">
    </testcase>
  </testsuite>
  <testsuite name="undefined" errors="0" failures="0" skipped="0" timestamp="2018-12-19T21:43:10" time="0.219" tests="1">
    <testcase classname=" stub" name=" stub" time="0.001">
    </testcase>
  </testsuite>
  <testsuite name="undefined" errors="0" failures="0" skipped="0" timestamp="2018-12-19T21:43:10" time="0.231" tests="1">
    <testcase classname=" stub" name=" stub" time="0.001">
    </testcase>
  </testsuite>
  <testsuite name="undefined" errors="0" failures="0" skipped="0" timestamp="2018-12-19T21:43:11" time="0.225" tests="1">
    <testcase classname=" global.test" name=" global.test" time="0.001">
    </testcase>
  </testsuite>
  <testsuite name="undefined" errors="0" failures="0" skipped="0" timestamp="2018-12-19T21:43:11" time="0.327" tests="1">
    <testcase classname=" if user model is mocked" name=" if user model is mocked" time="0.002">
    </testcase>
  </testsuite>
  <testsuite name="undefined" errors="0" failures="0" skipped="0" timestamp="2018-12-19T21:43:11" time="0.222" tests="1">
    <testcase classname=" if orginal user model" name=" if orginal user model" time="0.002">
    </testcase>
  </testsuite>
  <testsuite name="undefined" errors="0" failures="0" skipped="0" timestamp="2018-12-19T21:43:12" time="0.235" tests="1">
    <testcase classname=" original implementation" name=" original implementation" time="0.001">
    </testcase>
  </testsuite>
  <testsuite name="undefined" errors="0" failures="0" skipped="0" timestamp="2018-12-19T21:43:12" time="0.327" tests="1">
    <testcase classname=" subtracts 5 - 1 to equal 4 in TypeScript" name=" subtracts 5 - 1 to equal 4 in TypeScript" time="0.081">
    </testcase>
  </testsuite>
  <testsuite name="undefined" errors="0" failures="0" skipped="0" timestamp="2018-12-19T21:43:12" time="0.291" tests="1">
    <testcase classname=" get configuration defaults" name=" get configuration defaults" time="0.001">
    </testcase>
  </testsuite>
  <testsuite name="undefined" errors="0" failures="0" skipped="0" timestamp="2018-12-19T21:43:13" time="2.638" tests="1">
    <testcase classname=" works with `import`" name=" works with `import`" time="0.007">
    </testcase>
  </testsuite>
  <testsuite name="undefined" errors="0" failures="0" skipped="0" timestamp="2018-12-19T21:43:15" time="0.442" tests="1">
    <testcase classname=" if lodash head is mocked" name=" if lodash head is mocked" time="0.002">
    </testcase>
  </testsuite>
  <testsuite name="undefined" errors="0" failures="0" skipped="0" timestamp="2018-12-19T21:43:16" time="2.355" tests="1">
    <testcase classname=" adds 1 + 2 to equal 3" name=" adds 1 + 2 to equal 3" time="0.003">
    </testcase>
  </testsuite>
  <testsuite name="undefined" errors="0" failures="0" skipped="0" timestamp="2018-12-19T21:43:18" time="0.228" tests="1">
    <testcase classname=" should pass" name=" should pass" time="0">
    </testcase>
  </testsuite>
  <testsuite name="undefined" errors="0" failures="0" skipped="0" timestamp="2018-12-19T21:43:19" time="0.219" tests="1">
    <testcase classname=" should pass" name=" should pass" time="0">
    </testcase>
  </testsuite>
</testsuites>